TN:
SF:controllers\authController.js
FN:9,(anonymous_0)
FN:90,(anonymous_1)
FN:168,(anonymous_2)
FN:217,(anonymous_3)
FN:220,(anonymous_4)
FN:221,(anonymous_5)
FN:225,(anonymous_6)
FN:345,(anonymous_7)
FN:432,(anonymous_8)
FN:490,(anonymous_9)
FN:580,(anonymous_10)
FN:611,(anonymous_11)
FN:631,(anonymous_12)
FN:686,(anonymous_13)
FN:736,(anonymous_14)
FNF:15
FNH:0
FNDA:0,(anonymous_0)
FNDA:0,(anonymous_1)
FNDA:0,(anonymous_2)
FNDA:0,(anonymous_3)
FNDA:0,(anonymous_4)
FNDA:0,(anonymous_5)
FNDA:0,(anonymous_6)
FNDA:0,(anonymous_7)
FNDA:0,(anonymous_8)
FNDA:0,(anonymous_9)
FNDA:0,(anonymous_10)
FNDA:0,(anonymous_11)
FNDA:0,(anonymous_12)
FNDA:0,(anonymous_13)
FNDA:0,(anonymous_14)
DA:9,0
DA:10,0
DA:12,0
DA:13,0
DA:16,0
DA:21,0
DA:22,0
DA:23,0
DA:29,0
DA:34,0
DA:35,0
DA:40,0
DA:41,0
DA:49,0
DA:50,0
DA:53,0
DA:60,0
DA:63,0
DA:65,0
DA:79,0
DA:80,0
DA:85,0
DA:90,0
DA:91,0
DA:93,0
DA:94,0
DA:97,0
DA:99,0
DA:101,0
DA:103,0
DA:110,0
DA:116,0
DA:121,0
DA:124,0
DA:127,0
DA:133,0
DA:135,0
DA:157,0
DA:158,0
DA:163,0
DA:168,0
DA:169,0
DA:171,0
DA:172,0
DA:175,0
DA:180,0
DA:181,0
DA:187,0
DA:188,0
DA:195,0
DA:197,0
DA:206,0
DA:207,0
DA:212,0
DA:217,0
DA:219,0
DA:220,0
DA:221,0
DA:222,0
DA:224,0
DA:225,0
DA:226,0
DA:227,0
DA:229,0
DA:233,0
DA:234,0
DA:237,0
DA:239,0
DA:240,0
DA:242,0
DA:245,0
DA:250,0
DA:251,0
DA:252,0
DA:253,0
DA:254,0
DA:260,0
DA:263,0
DA:264,0
DA:265,0
DA:266,0
DA:267,0
DA:274,0
DA:275,0
DA:276,0
DA:277,0
DA:278,0
DA:285,0
DA:287,0
DA:288,0
DA:289,0
DA:290,0
DA:291,0
DA:298,0
DA:299,0
DA:301,0
DA:304,0
DA:306,0
DA:308,0
DA:310,0
DA:312,0
DA:325,0
DA:326,0
DA:327,0
DA:331,0
DA:332,0
DA:333,0
DA:334,0
DA:340,0
DA:345,0
DA:346,0
DA:348,0
DA:349,0
DA:352,0
DA:354,0
DA:356,0
DA:358,0
DA:365,0
DA:370,0
DA:371,0
DA:377,0
DA:380,0
DA:381,0
DA:388,0
DA:391,0
DA:397,0
DA:399,0
DA:421,0
DA:422,0
DA:427,0
DA:432,0
DA:433,0
DA:435,0
DA:436,0
DA:439,0
DA:444,0
DA:445,0
DA:451,0
DA:453,0
DA:454,0
DA:460,0
DA:461,0
DA:468,0
DA:470,0
DA:479,0
DA:480,0
DA:485,0
DA:490,0
DA:491,0
DA:493,0
DA:494,0
DA:496,0
DA:499,0
DA:500,0
DA:503,0
DA:511,0
DA:512,0
DA:518,0
DA:520,0
DA:521,0
DA:528,0
DA:534,0
DA:537,0
DA:543,0
DA:548,0
DA:550,0
DA:560,0
DA:561,0
DA:563,0
DA:564,0
DA:570,0
DA:575,0
DA:580,0
DA:581,0
DA:583,0
DA:584,0
DA:586,0
DA:588,0
DA:594,0
DA:600,0
DA:601,0
DA:606,0
DA:611,0
DA:612,0
DA:613,0
DA:615,0
DA:622,0
DA:623,0
DA:631,0
DA:632,0
DA:634,0
DA:635,0
DA:638,0
DA:643,0
DA:644,0
DA:650,0
DA:652,0
DA:653,0
DA:659,0
DA:660,0
DA:667,0
DA:669,0
DA:675,0
DA:676,0
DA:681,0
DA:686,0
DA:687,0
DA:689,0
DA:690,0
DA:693,0
DA:695,0
DA:697,0
DA:699,0
DA:706,0
DA:707,0
DA:708,0
DA:711,0
DA:716,0
DA:725,0
DA:726,0
DA:731,0
DA:736,0
DA:737,0
DA:739,0
DA:740,0
DA:743,0
DA:744,0
DA:751,0
DA:757,0
DA:758,0
DA:764,0
DA:765,0
DA:768,0
DA:777,0
DA:778,0
DA:779,0
DA:780,0
DA:788,0
DA:789,0
DA:792,0
DA:798,0
DA:804,0
DA:817,0
DA:822,0
DA:828,0
DA:829,0
DA:834,0
LF:247
LH:0
BRDA:21,0,0,0
BRDA:21,0,1,0
BRDA:22,1,0,0
BRDA:22,1,1,0
BRDA:34,2,0,0
BRDA:34,2,1,0
BRDA:40,3,0,0
BRDA:40,3,1,0
BRDA:67,4,0,0
BRDA:67,4,1,0
BRDA:99,5,0,0
BRDA:99,5,1,0
BRDA:180,6,0,0
BRDA:180,6,1,0
BRDA:187,7,0,0
BRDA:187,7,1,0
BRDA:199,8,0,0
BRDA:199,8,1,0
BRDA:233,9,0,0
BRDA:233,9,1,0
BRDA:233,10,0,0
BRDA:233,10,1,0
BRDA:250,11,0,0
BRDA:250,11,1,0
BRDA:263,12,0,0
BRDA:263,12,1,0
BRDA:274,13,0,0
BRDA:274,13,1,0
BRDA:287,14,0,0
BRDA:287,14,1,0
BRDA:314,15,0,0
BRDA:314,15,1,0
BRDA:337,16,0,0
BRDA:337,16,1,0
BRDA:354,17,0,0
BRDA:354,17,1,0
BRDA:370,18,0,0
BRDA:370,18,1,0
BRDA:380,19,0,0
BRDA:380,19,1,0
BRDA:444,20,0,0
BRDA:444,20,1,0
BRDA:453,21,0,0
BRDA:453,21,1,0
BRDA:460,22,0,0
BRDA:460,22,1,0
BRDA:472,23,0,0
BRDA:472,23,1,0
BRDA:511,24,0,0
BRDA:511,24,1,0
BRDA:520,25,0,0
BRDA:520,25,1,0
BRDA:563,26,0,0
BRDA:563,26,1,0
BRDA:563,27,0,0
BRDA:563,27,1,0
BRDA:586,28,0,0
BRDA:586,28,1,0
BRDA:643,29,0,0
BRDA:643,29,1,0
BRDA:652,30,0,0
BRDA:652,30,1,0
BRDA:659,31,0,0
BRDA:659,31,1,0
BRDA:695,32,0,0
BRDA:695,32,1,0
BRDA:743,33,0,0
BRDA:743,33,1,0
BRDA:743,34,0,0
BRDA:743,34,1,0
BRDA:757,35,0,0
BRDA:757,35,1,0
BRDA:779,36,0,0
BRDA:779,36,1,0
BRF:74
BRH:0
end_of_record
TN:
SF:controllers\authControllerSimple.js
FN:6,(anonymous_0)
FNF:1
FNH:0
FNDA:0,(anonymous_0)
DA:6,0
DA:7,0
DA:9,0
DA:10,0
DA:13,0
DA:18,0
DA:19,0
DA:25,0
DA:28,0
DA:29,0
DA:36,0
DA:37,0
DA:44,0
DA:46,0
DA:47,0
DA:54,0
DA:57,0
DA:63,0
DA:65,0
DA:76,0
DA:77,0
DA:82,0
LF:22
LH:0
BRDA:18,0,0,0
BRDA:18,0,1,0
BRDA:28,1,0,0
BRDA:28,1,1,0
BRDA:36,2,0,0
BRDA:36,2,1,0
BRDA:46,3,0,0
BRDA:46,3,1,0
BRF:8
BRH:0
end_of_record
TN:
SF:controllers\bookingController.js
FN:5,(anonymous_0)
FN:41,(anonymous_1)
FN:210,(anonymous_2)
FN:417,(anonymous_3)
FN:467,(anonymous_4)
FN:524,(anonymous_5)
FN:572,(anonymous_6)
FN:610,(anonymous_7)
FN:680,(anonymous_8)
FN:693,(anonymous_9)
FN:746,(anonymous_10)
FN:778,(anonymous_11)
FN:821,(anonymous_12)
FN:836,(anonymous_13)
FN:882,(anonymous_14)
FN:1246,(anonymous_15)
FN:1247,(anonymous_16)
FN:1248,(anonymous_17)
FN:1268,(anonymous_18)
FN:1302,(anonymous_19)
FN:1305,(anonymous_20)
FN:1335,(anonymous_21)
FN:1396,(anonymous_22)
FN:1441,(anonymous_23)
FN:1740,(anonymous_24)
FN:1786,(anonymous_25)
FN:1789,(anonymous_26)
FN:1792,(anonymous_27)
FN:1825,(anonymous_28)
FN:1928,(anonymous_29)
FN:1963,(anonymous_30)
FN:2105,(anonymous_31)
FN:2116,(anonymous_32)
FN:2201,(anonymous_33)
FN:2261,(anonymous_34)
FN:2317,(anonymous_35)
FN:2861,(anonymous_36)
FN:2963,(anonymous_37)
FN:2970,(anonymous_38)
FN:2975,(anonymous_39)
FN:3005,(anonymous_40)
FN:3058,(anonymous_41)
FN:3080,(anonymous_42)
FN:3081,(anonymous_43)
FN:3102,(anonymous_44)
FN:3356,(anonymous_45)
FN:3358,(anonymous_46)
FN:3479,(anonymous_47)
FN:3575,(anonymous_48)
FN:3594,(anonymous_49)
FN:3644,(anonymous_50)
FNF:51
FNH:3
FNDA:24,(anonymous_0)
FNDA:9,(anonymous_1)
FNDA:5,(anonymous_2)
FNDA:0,(anonymous_3)
FNDA:0,(anonymous_4)
FNDA:0,(anonymous_5)
FNDA:0,(anonymous_6)
FNDA:0,(anonymous_7)
FNDA:0,(anonymous_8)
FNDA:0,(anonymous_9)
FNDA:0,(anonymous_10)
FNDA:0,(anonymous_11)
FNDA:0,(anonymous_12)
FNDA:0,(anonymous_13)
FNDA:0,(anonymous_14)
FNDA:0,(anonymous_15)
FNDA:0,(anonymous_16)
FNDA:0,(anonymous_17)
FNDA:0,(anonymous_18)
FNDA:0,(anonymous_19)
FNDA:0,(anonymous_20)
FNDA:0,(anonymous_21)
FNDA:0,(anonymous_22)
FNDA:0,(anonymous_23)
FNDA:0,(anonymous_24)
FNDA:0,(anonymous_25)
FNDA:0,(anonymous_26)
FNDA:0,(anonymous_27)
FNDA:0,(anonymous_28)
FNDA:0,(anonymous_29)
FNDA:0,(anonymous_30)
FNDA:0,(anonymous_31)
FNDA:0,(anonymous_32)
FNDA:0,(anonymous_33)
FNDA:0,(anonymous_34)
FNDA:0,(anonymous_35)
FNDA:0,(anonymous_36)
FNDA:0,(anonymous_37)
FNDA:0,(anonymous_38)
FNDA:0,(anonymous_39)
FNDA:0,(anonymous_40)
FNDA:0,(anonymous_41)
FNDA:0,(anonymous_42)
FNDA:0,(anonymous_43)
FNDA:0,(anonymous_44)
FNDA:0,(anonymous_45)
FNDA:0,(anonymous_46)
FNDA:0,(anonymous_47)
FNDA:0,(anonymous_48)
FNDA:0,(anonymous_49)
FNDA:0,(anonymous_50)
DA:5,7
DA:6,24
DA:11,24
DA:12,4
DA:21,20
DA:22,7
DA:25,7
DA:34,13
DA:41,7
DA:42,9
DA:44,9
DA:45,9
DA:54,9
DA:55,9
DA:56,9
DA:59,9
DA:60,1
DA:67,8
DA:68,1
DA:75,7
DA:76,7
DA:77,2
DA:85,5
DA:90,4
DA:93,4
DA:94,3
DA:99,3
DA:101,2
DA:102,2
DA:107,2
DA:109,1
DA:110,1
DA:111,1
DA:113,1
DA:118,4
DA:119,1
DA:120,1
DA:126,3
DA:130,3
DA:138,3
DA:139,1
DA:146,2
DA:149,2
DA:168,2
DA:171,2
DA:172,2
DA:177,2
DA:179,2
DA:199,1
DA:200,1
DA:205,9
DA:210,7
DA:211,5
DA:213,5
DA:214,5
DA:221,5
DA:222,5
DA:223,5
DA:226,5
DA:227,1
DA:234,4
DA:235,4
DA:236,2
DA:243,2
DA:244,2
DA:254,2
DA:255,1
DA:256,1
DA:264,1
DA:281,1
DA:284,1
DA:285,1
DA:287,1
DA:290,1
DA:298,1
DA:299,0
DA:302,0
DA:308,0
DA:312,0
DA:315,0
DA:327,0
DA:328,0
DA:330,0
DA:342,0
DA:345,0
DA:348,0
DA:352,1
DA:359,1
DA:360,1
DA:362,1
DA:367,1
DA:368,0
DA:370,0
DA:372,0
DA:373,0
DA:377,0
DA:379,0
DA:384,1
DA:388,1
DA:406,0
DA:407,0
DA:412,5
DA:417,7
DA:418,0
DA:420,0
DA:421,0
DA:422,0
DA:425,0
DA:430,0
DA:431,0
DA:438,0
DA:455,0
DA:457,0
DA:458,0
DA:459,0
DA:462,0
DA:464,0
DA:467,0
DA:469,0
DA:470,0
DA:472,0
DA:474,0
DA:475,0
DA:476,0
DA:477,0
DA:481,0
DA:503,0
DA:513,0
DA:514,0
DA:519,0
DA:524,7
DA:525,0
DA:527,0
DA:528,0
DA:529,0
DA:532,0
DA:537,0
DA:538,0
DA:545,0
DA:560,0
DA:562,0
DA:563,0
DA:564,0
DA:567,0
DA:569,0
DA:572,0
DA:589,0
DA:599,0
DA:600,0
DA:605,0
DA:610,7
DA:611,0
DA:613,0
DA:617,0
DA:649,0
DA:655,0
DA:677,0
DA:680,0
DA:692,0
DA:693,0
DA:699,0
DA:700,0
DA:702,0
DA:703,0
DA:707,0
DA:712,0
DA:714,0
DA:716,0
DA:717,0
DA:718,0
DA:719,0
DA:720,0
DA:724,0
DA:734,0
DA:737,0
DA:742,0
DA:745,0
DA:746,0
DA:747,0
DA:748,0
DA:749,0
DA:751,0
DA:752,0
DA:755,0
DA:757,0
DA:767,0
DA:768,0
DA:773,0
DA:778,7
DA:779,0
DA:781,0
DA:784,0
DA:802,0
DA:806,0
DA:818,0
DA:821,0
DA:836,0
DA:850,0
DA:852,0
DA:855,0
DA:856,0
DA:863,0
DA:870,0
DA:871,0
DA:877,0
DA:882,7
DA:883,0
DA:884,0
DA:885,0
DA:888,0
DA:889,0
DA:890,0
DA:891,0
DA:892,0
DA:893,0
DA:894,0
DA:896,0
DA:897,0
DA:898,0
DA:899,0
DA:900,0
DA:907,0
DA:908,0
DA:909,0
DA:910,0
DA:911,0
DA:912,0
DA:914,0
DA:917,0
DA:918,0
DA:919,0
DA:921,0
DA:922,0
DA:926,0
DA:927,0
DA:928,0
DA:929,0
DA:931,0
DA:933,0
DA:934,0
DA:947,0
DA:948,0
DA:949,0
DA:952,0
DA:956,0
DA:957,0
DA:961,0
DA:963,0
DA:964,0
DA:966,0
DA:968,0
DA:969,0
DA:972,0
DA:1004,0
DA:1008,0
DA:1009,0
DA:1010,0
DA:1011,0
DA:1043,0
DA:1045,0
DA:1046,0
DA:1082,0
DA:1083,0
DA:1084,0
DA:1085,0
DA:1147,0
DA:1149,0
DA:1150,0
DA:1214,0
DA:1215,0
DA:1216,0
DA:1217,0
DA:1220,0
DA:1221,0
DA:1222,0
DA:1223,0
DA:1224,0
DA:1225,0
DA:1226,0
DA:1227,0
DA:1236,0
DA:1237,0
DA:1238,0
DA:1239,0
DA:1240,0
DA:1241,0
DA:1245,0
DA:1246,0
DA:1247,0
DA:1248,0
DA:1250,0
DA:1252,0
DA:1253,0
DA:1254,0
DA:1263,0
DA:1264,0
DA:1265,0
DA:1268,0
DA:1269,0
DA:1271,0
DA:1272,0
DA:1277,0
DA:1278,0
DA:1281,0
DA:1282,0
DA:1284,0
DA:1285,0
DA:1287,0
DA:1288,0
DA:1292,0
DA:1293,0
DA:1295,0
DA:1298,0
DA:1302,0
DA:1303,0
DA:1305,0
DA:1306,0
DA:1307,0
DA:1309,0
DA:1310,0
DA:1311,0
DA:1312,0
DA:1313,0
DA:1317,0
DA:1318,0
DA:1319,0
DA:1320,0
DA:1324,0
DA:1325,0
DA:1326,0
DA:1327,0
DA:1329,0
DA:1330,0
DA:1335,0
DA:1336,0
DA:1337,0
DA:1339,0
DA:1340,0
DA:1343,0
DA:1344,0
DA:1345,0
DA:1346,0
DA:1349,0
DA:1351,0
DA:1352,0
DA:1356,0
DA:1375,0
DA:1376,0
DA:1378,0
DA:1396,0
DA:1398,0
DA:1399,0
DA:1400,0
DA:1409,0
DA:1412,0
DA:1413,0
DA:1414,0
DA:1415,0
DA:1416,0
DA:1417,0
DA:1422,0
DA:1423,0
DA:1424,0
DA:1425,0
DA:1427,0
DA:1433,0
DA:1434,0
DA:1435,0
DA:1441,7
DA:1442,0
DA:1443,0
DA:1444,0
DA:1445,0
DA:1448,0
DA:1449,0
DA:1450,0
DA:1451,0
DA:1453,0
DA:1454,0
DA:1461,0
DA:1462,0
DA:1463,0
DA:1464,0
DA:1465,0
DA:1468,0
DA:1469,0
DA:1470,0
DA:1472,0
DA:1478,0
DA:1479,0
DA:1485,0
DA:1486,0
DA:1487,0
DA:1489,0
DA:1492,0
DA:1497,0
DA:1498,0
DA:1503,0
DA:1504,0
DA:1505,0
DA:1511,0
DA:1512,0
DA:1513,0
DA:1514,0
DA:1515,0
DA:1516,0
DA:1517,0
DA:1523,0
DA:1527,0
DA:1529,0
DA:1532,0
DA:1533,0
DA:1582,0
DA:1584,0
DA:1631,0
DA:1636,0
DA:1637,0
DA:1685,0
DA:1687,0
DA:1733,0
DA:1737,0
DA:1740,0
DA:1742,0
DA:1743,0
DA:1744,0
DA:1745,0
DA:1746,0
DA:1749,0
DA:1750,0
DA:1751,0
DA:1755,0
DA:1756,0
DA:1757,0
DA:1758,0
DA:1759,0
DA:1760,0
DA:1761,0
DA:1762,0
DA:1765,0
DA:1784,0
DA:1787,0
DA:1790,0
DA:1793,0
DA:1797,0
DA:1809,0
DA:1810,0
DA:1811,0
DA:1817,0
DA:1818,0
DA:1819,0
DA:1825,7
DA:1826,0
DA:1828,0
DA:1829,0
DA:1832,0
DA:1833,0
DA:1837,0
DA:1838,0
DA:1840,0
DA:1842,0
DA:1861,0
DA:1863,0
DA:1884,0
DA:1925,0
DA:1928,0
DA:1941,0
DA:1951,0
DA:1952,0
DA:1958,0
DA:1963,7
DA:1964,0
DA:1966,0
DA:1967,0
DA:1968,0
DA:1969,0
DA:1972,0
DA:1977,0
DA:1978,0
DA:1984,0
DA:1985,0
DA:1986,0
DA:1992,0
DA:1994,0
DA:2002,0
DA:2004,0
DA:2005,0
DA:2011,0
DA:2014,0
DA:2023,0
DA:2031,0
DA:2039,0
DA:2041,0
DA:2042,0
DA:2048,0
DA:2051,0
DA:2060,0
DA:2068,0
DA:2073,0
DA:2074,0
DA:2076,0
DA:2093,0
DA:2094,0
DA:2100,0
DA:2105,7
DA:2106,0
DA:2112,0
DA:2116,7
DA:2117,0
DA:2118,0
DA:2119,0
DA:2120,0
DA:2121,0
DA:2122,0
DA:2124,0
DA:2125,0
DA:2133,0
DA:2134,0
DA:2135,0
DA:2136,0
DA:2137,0
DA:2142,0
DA:2144,0
DA:2145,0
DA:2146,0
DA:2147,0
DA:2152,0
DA:2156,0
DA:2157,0
DA:2158,0
DA:2161,0
DA:2167,0
DA:2168,0
DA:2172,0
DA:2180,0
DA:2189,0
DA:2190,0
DA:2196,0
DA:2201,7
DA:2202,0
DA:2203,0
DA:2204,0
DA:2205,0
DA:2209,0
DA:2210,0
DA:2211,0
DA:2212,0
DA:2213,0
DA:2218,0
DA:2220,0
DA:2221,0
DA:2222,0
DA:2223,0
DA:2228,0
DA:2232,0
DA:2239,0
DA:2241,0
DA:2249,0
DA:2250,0
DA:2256,0
DA:2261,7
DA:2262,0
DA:2263,0
DA:2264,0
DA:2265,0
DA:2268,0
DA:2275,0
DA:2277,0
DA:2278,0
DA:2284,0
DA:2287,0
DA:2288,0
DA:2295,0
DA:2296,0
DA:2298,0
DA:2304,0
DA:2305,0
DA:2311,0
DA:2317,7
DA:2318,0
DA:2320,0
DA:2321,0
DA:2322,0
DA:2324,0
DA:2325,0
DA:2332,0
DA:2333,0
DA:2334,0
DA:2341,0
DA:2342,0
DA:2343,0
DA:2351,0
DA:2358,0
DA:2359,0
DA:2362,0
DA:2363,0
DA:2368,0
DA:2370,0
DA:2371,0
DA:2376,0
DA:2378,0
DA:2379,0
DA:2380,0
DA:2382,0
DA:2387,0
DA:2388,0
DA:2389,0
DA:2395,0
DA:2396,0
DA:2398,0
DA:2401,0
DA:2404,0
DA:2409,0
DA:2414,0
DA:2418,0
DA:2419,0
DA:2420,0
DA:2426,0
DA:2430,0
DA:2435,0
DA:2437,0
DA:2440,0
DA:2442,0
DA:2443,0
DA:2444,0
DA:2446,0
DA:2447,0
DA:2451,0
DA:2454,0
DA:2467,0
DA:2479,0
DA:2480,0
DA:2481,0
DA:2482,0
DA:2488,0
DA:2490,0
DA:2497,0
DA:2508,0
DA:2509,0
DA:2512,0
DA:2518,0
DA:2519,0
DA:2525,0
DA:2526,0
DA:2539,0
DA:2546,0
DA:2559,0
DA:2560,0
DA:2563,0
DA:2569,0
DA:2570,0
DA:2576,0
DA:2577,0
DA:2592,0
DA:2595,0
DA:2600,0
DA:2601,0
DA:2602,0
DA:2608,0
DA:2609,0
DA:2613,0
DA:2627,0
DA:2640,0
DA:2641,0
DA:2642,0
DA:2643,0
DA:2650,0
DA:2655,0
DA:2656,0
DA:2667,0
DA:2669,0
DA:2679,0
DA:2682,0
DA:2684,0
DA:2685,0
DA:2686,0
DA:2693,0
DA:2698,0
DA:2699,0
DA:2702,0
DA:2707,0
DA:2710,0
DA:2715,0
DA:2720,0
DA:2721,0
DA:2722,0
DA:2728,0
DA:2729,0
DA:2733,0
DA:2748,0
DA:2760,0
DA:2761,0
DA:2762,0
DA:2763,0
DA:2770,0
DA:2775,0
DA:2776,0
DA:2789,0
DA:2791,0
DA:2803,0
DA:2806,0
DA:2809,0
DA:2814,0
DA:2815,0
DA:2818,0
DA:2823,0
DA:2827,0
DA:2828,0
DA:2831,0
DA:2835,0
DA:2837,0
DA:2849,0
DA:2850,0
DA:2851,0
DA:2857,0
DA:2861,7
DA:2862,0
DA:2863,0
DA:2864,0
DA:2865,0
DA:2867,0
DA:2868,0
DA:2875,0
DA:2876,0
DA:2877,0
DA:2884,0
DA:2885,0
DA:2888,0
DA:2889,0
DA:2891,0
DA:2892,0
DA:2893,0
DA:2894,0
DA:2897,0
DA:2898,0
DA:2900,0
DA:2901,0
DA:2902,0
DA:2903,0
DA:2907,0
DA:2908,0
DA:2909,0
DA:2915,0
DA:2918,0
DA:2919,0
DA:2920,0
DA:2921,0
DA:2922,0
DA:2930,0
DA:2933,0
DA:2944,0
DA:2956,0
DA:2957,0
DA:2959,0
DA:2960,0
DA:2963,0
DA:2964,0
DA:2965,0
DA:2966,0
DA:2967,0
DA:2969,0
DA:2970,0
DA:2972,0
DA:2973,0
DA:2975,0
DA:2976,0
DA:2977,0
DA:2980,0
DA:2983,0
DA:2985,0
DA:2986,0
DA:2987,0
DA:2988,0
DA:2989,0
DA:2990,0
DA:2991,0
DA:2993,0
DA:2994,0
DA:2996,0
DA:2998,0
DA:2999,0
DA:3004,0
DA:3005,0
DA:3006,0
DA:3007,0
DA:3009,0
DA:3010,0
DA:3013,0
DA:3014,0
DA:3015,0
DA:3016,0
DA:3017,0
DA:3022,0
DA:3023,0
DA:3024,0
DA:3028,0
DA:3030,0
DA:3034,0
DA:3037,0
DA:3038,0
DA:3039,0
DA:3041,0
DA:3042,0
DA:3045,0
DA:3048,0
DA:3049,0
DA:3050,0
DA:3052,0
DA:3053,0
DA:3054,0
DA:3055,0
DA:3058,0
DA:3059,0
DA:3060,0
DA:3062,0
DA:3064,0
DA:3065,0
DA:3066,0
DA:3067,0
DA:3069,0
DA:3070,0
DA:3074,0
DA:3080,0
DA:3081,0
DA:3082,0
DA:3084,0
DA:3090,0
DA:3091,0
DA:3097,0
DA:3102,7
DA:3103,0
DA:3104,0
DA:3105,0
DA:3106,0
DA:3109,0
DA:3110,0
DA:3111,0
DA:3112,0
DA:3113,0
DA:3114,0
DA:3115,0
DA:3117,0
DA:3118,0
DA:3119,0
DA:3120,0
DA:3121,0
DA:3128,0
DA:3129,0
DA:3130,0
DA:3132,0
DA:3136,0
DA:3137,0
DA:3140,0
DA:3141,0
DA:3146,0
DA:3148,0
DA:3149,0
DA:3152,0
DA:3156,0
DA:3157,0
DA:3158,0
DA:3162,0
DA:3163,0
DA:3164,0
DA:3166,0
DA:3168,0
DA:3169,0
DA:3179,0
DA:3180,0
DA:3181,0
DA:3194,0
DA:3195,0
DA:3200,0
DA:3201,0
DA:3202,0
DA:3203,0
DA:3206,0
DA:3207,0
DA:3216,0
DA:3309,0
DA:3311,0
DA:3314,0
DA:3315,0
DA:3316,0
DA:3317,0
DA:3318,0
DA:3324,0
DA:3325,0
DA:3326,0
DA:3327,0
DA:3328,0
DA:3333,0
DA:3334,0
DA:3336,0
DA:3339,0
DA:3341,0
DA:3342,0
DA:3345,0
DA:3346,0
DA:3347,0
DA:3349,0
DA:3350,0
DA:3351,0
DA:3352,0
DA:3356,0
DA:3358,0
DA:3359,0
DA:3360,0
DA:3362,0
DA:3363,0
DA:3364,0
DA:3365,0
DA:3366,0
DA:3370,0
DA:3371,0
DA:3372,0
DA:3373,0
DA:3377,0
DA:3378,0
DA:3379,0
DA:3380,0
DA:3382,0
DA:3383,0
DA:3387,0
DA:3390,0
DA:3391,0
DA:3394,0
DA:3395,0
DA:3397,0
DA:3399,0
DA:3400,0
DA:3401,0
DA:3402,0
DA:3403,0
DA:3404,0
DA:3405,0
DA:3406,0
DA:3407,0
DA:3408,0
DA:3409,0
DA:3410,0
DA:3414,0
DA:3415,0
DA:3416,0
DA:3419,0
DA:3447,0
DA:3448,0
DA:3456,0
DA:3459,0
DA:3460,0
DA:3461,0
DA:3462,0
DA:3463,0
DA:3464,0
DA:3465,0
DA:3471,0
DA:3472,0
DA:3473,0
DA:3479,7
DA:3480,0
DA:3481,0
DA:3482,0
DA:3485,0
DA:3494,0
DA:3497,0
DA:3498,0
DA:3505,0
DA:3506,0
DA:3511,0
DA:3512,0
DA:3513,0
DA:3519,0
DA:3522,0
DA:3531,0
DA:3532,0
DA:3540,0
DA:3541,0
DA:3542,0
DA:3546,0
DA:3548,0
DA:3550,0
DA:3553,0
DA:3554,0
DA:3564,0
DA:3565,0
DA:3566,0
DA:3575,7
DA:3576,0
DA:3577,0
DA:3578,0
DA:3580,0
DA:3581,0
DA:3583,0
DA:3584,0
DA:3590,0
DA:3591,0
DA:3594,0
DA:3595,0
DA:3597,0
DA:3599,0
DA:3603,0
DA:3612,0
DA:3614,0
DA:3615,0
DA:3616,0
DA:3621,0
DA:3624,0
DA:3630,0
DA:3633,0
DA:3641,0
DA:3644,0
DA:3645,0
DA:3646,0
DA:3648,0
DA:3652,0
DA:3654,0
DA:3664,0
DA:3665,0
LF:1017
LH:100
BRDA:5,0,0,6
BRDA:11,1,0,4
BRDA:11,1,1,20
BRDA:21,2,0,7
BRDA:21,2,1,13
BRDA:22,3,0,3
BRDA:22,3,1,4
BRDA:59,4,0,1
BRDA:59,4,1,8
BRDA:59,5,0,9
BRDA:59,5,1,8
BRDA:59,5,2,8
BRDA:59,5,3,8
BRDA:67,6,0,1
BRDA:67,6,1,7
BRDA:67,7,0,8
BRDA:67,7,1,1
BRDA:76,8,0,2
BRDA:76,8,1,5
BRDA:93,9,0,3
BRDA:93,9,1,1
BRDA:99,10,0,2
BRDA:99,10,1,1
BRDA:107,11,0,1
BRDA:107,11,1,1
BRDA:118,12,0,1
BRDA:118,12,1,3
BRDA:138,13,0,1
BRDA:138,13,1,2
BRDA:146,14,0,2
BRDA:146,14,1,2
BRDA:162,15,0,2
BRDA:162,15,1,2
BRDA:163,16,0,2
BRDA:163,16,1,2
BRDA:226,17,0,1
BRDA:226,17,1,4
BRDA:226,18,0,5
BRDA:226,18,1,4
BRDA:226,18,2,4
BRDA:235,19,0,2
BRDA:235,19,1,2
BRDA:243,20,0,2
BRDA:243,20,1,0
BRDA:254,21,0,1
BRDA:254,21,1,1
BRDA:275,22,0,1
BRDA:275,22,1,0
BRDA:276,23,0,1
BRDA:276,23,1,1
BRDA:298,24,0,0
BRDA:298,24,1,0
BRDA:308,25,0,0
BRDA:308,25,1,0
BRDA:312,26,0,0
BRDA:312,26,1,0
BRDA:328,27,0,0
BRDA:328,27,1,0
BRDA:360,28,0,1
BRDA:360,28,1,0
BRDA:360,29,0,1
BRDA:360,29,1,1
BRDA:367,30,0,0
BRDA:367,30,1,0
BRDA:370,31,0,0
BRDA:370,31,1,0
BRDA:370,32,0,0
BRDA:370,32,1,0
BRDA:430,33,0,0
BRDA:430,33,1,0
BRDA:457,34,0,0
BRDA:457,34,1,0
BRDA:472,35,0,0
BRDA:472,35,1,0
BRDA:475,36,0,0
BRDA:475,36,1,0
BRDA:537,37,0,0
BRDA:537,37,1,0
BRDA:562,38,0,0
BRDA:562,38,1,0
BRDA:686,39,0,0
BRDA:686,39,1,0
BRDA:686,39,2,0
BRDA:702,40,0,0
BRDA:702,40,1,0
BRDA:712,41,0,0
BRDA:712,41,1,0
BRDA:717,42,0,0
BRDA:717,42,1,0
BRDA:719,43,0,0
BRDA:719,43,1,0
BRDA:730,44,0,0
BRDA:730,44,1,0
BRDA:730,44,2,0
BRDA:748,45,0,0
BRDA:748,45,1,0
BRDA:829,46,0,0
BRDA:829,46,1,0
BRDA:829,46,2,0
BRDA:855,47,0,0
BRDA:855,47,1,0
BRDA:874,48,0,0
BRDA:874,48,1,0
BRDA:918,49,0,0
BRDA:918,49,1,0
BRDA:918,50,0,0
BRDA:918,50,1,0
BRDA:927,51,0,0
BRDA:927,51,1,0
BRDA:966,52,0,0
BRDA:966,52,1,0
BRDA:966,53,0,0
BRDA:966,53,1,0
BRDA:968,54,0,0
BRDA:968,54,1,0
BRDA:1004,55,0,0
BRDA:1004,55,1,0
BRDA:1009,56,0,0
BRDA:1009,56,1,0
BRDA:1009,57,0,0
BRDA:1009,57,1,0
BRDA:1009,57,2,0
BRDA:1083,58,0,0
BRDA:1083,58,1,0
BRDA:1083,59,0,0
BRDA:1083,59,1,0
BRDA:1083,59,2,0
BRDA:1216,60,0,0
BRDA:1216,60,1,0
BRDA:1226,61,0,0
BRDA:1226,61,1,0
BRDA:1231,62,0,0
BRDA:1231,62,1,0
BRDA:1247,63,0,0
BRDA:1247,63,1,0
BRDA:1252,64,0,0
BRDA:1252,64,1,0
BRDA:1269,65,0,0
BRDA:1269,65,1,0
BRDA:1271,66,0,0
BRDA:1271,66,1,0
BRDA:1277,67,0,0
BRDA:1277,67,1,0
BRDA:1278,68,0,0
BRDA:1278,68,1,0
BRDA:1281,69,0,0
BRDA:1281,69,1,0
BRDA:1281,70,0,0
BRDA:1281,70,1,0
BRDA:1284,71,0,0
BRDA:1284,71,1,0
BRDA:1284,72,0,0
BRDA:1284,72,1,0
BRDA:1287,73,0,0
BRDA:1287,73,1,0
BRDA:1287,74,0,0
BRDA:1287,74,1,0
BRDA:1306,75,0,0
BRDA:1306,75,1,0
BRDA:1309,76,0,0
BRDA:1309,76,1,0
BRDA:1318,77,0,0
BRDA:1318,77,1,0
BRDA:1336,78,0,0
BRDA:1336,78,1,0
BRDA:1339,79,0,0
BRDA:1339,79,1,0
BRDA:1344,80,0,0
BRDA:1344,80,1,0
BRDA:1358,81,0,0
BRDA:1358,81,1,0
BRDA:1358,82,0,0
BRDA:1358,82,1,0
BRDA:1358,83,0,0
BRDA:1358,83,1,0
BRDA:1359,84,0,0
BRDA:1359,84,1,0
BRDA:1360,85,0,0
BRDA:1360,85,1,0
BRDA:1361,86,0,0
BRDA:1361,86,1,0
BRDA:1362,87,0,0
BRDA:1362,87,1,0
BRDA:1365,88,0,0
BRDA:1365,88,1,0
BRDA:1366,89,0,0
BRDA:1366,89,1,0
BRDA:1367,90,0,0
BRDA:1367,90,1,0
BRDA:1368,91,0,0
BRDA:1368,91,1,0
BRDA:1370,92,0,0
BRDA:1370,92,1,0
BRDA:1371,93,0,0
BRDA:1371,93,1,0
BRDA:1372,94,0,0
BRDA:1372,94,1,0
BRDA:1379,95,0,0
BRDA:1379,95,1,0
BRDA:1380,96,0,0
BRDA:1380,96,1,0
BRDA:1380,97,0,0
BRDA:1380,97,1,0
BRDA:1380,98,0,0
BRDA:1380,98,1,0
BRDA:1381,99,0,0
BRDA:1381,99,1,0
BRDA:1382,100,0,0
BRDA:1382,100,1,0
BRDA:1383,101,0,0
BRDA:1383,101,1,0
BRDA:1384,102,0,0
BRDA:1384,102,1,0
BRDA:1385,103,0,0
BRDA:1385,103,1,0
BRDA:1386,104,0,0
BRDA:1386,104,1,0
BRDA:1387,105,0,0
BRDA:1387,105,1,0
BRDA:1388,106,0,0
BRDA:1388,106,1,0
BRDA:1389,107,0,0
BRDA:1389,107,1,0
BRDA:1390,108,0,0
BRDA:1390,108,1,0
BRDA:1430,109,0,0
BRDA:1430,109,1,0
BRDA:1433,110,0,0
BRDA:1433,110,1,0
BRDA:1462,111,0,0
BRDA:1462,112,0,0
BRDA:1469,113,0,0
BRDA:1469,113,1,0
BRDA:1469,114,0,0
BRDA:1469,114,1,0
BRDA:1478,115,0,0
BRDA:1478,115,1,0
BRDA:1478,116,0,0
BRDA:1478,116,1,0
BRDA:1485,117,0,0
BRDA:1485,117,1,0
BRDA:1512,118,0,0
BRDA:1512,118,1,0
BRDA:1514,119,0,0
BRDA:1514,119,1,0
BRDA:1514,120,0,0
BRDA:1514,120,1,0
BRDA:1523,121,0,0
BRDA:1523,121,1,0
BRDA:1529,122,0,0
BRDA:1529,122,1,0
BRDA:1529,123,0,0
BRDA:1529,123,1,0
BRDA:1529,123,2,0
BRDA:1532,124,0,0
BRDA:1532,124,1,0
BRDA:1636,125,0,0
BRDA:1636,125,1,0
BRDA:1750,126,0,0
BRDA:1750,126,1,0
BRDA:1750,127,0,0
BRDA:1750,127,1,0
BRDA:1756,128,0,0
BRDA:1756,128,1,0
BRDA:1757,129,0,0
BRDA:1757,129,1,0
BRDA:1759,130,0,0
BRDA:1759,130,1,0
BRDA:1761,131,0,0
BRDA:1761,131,1,0
BRDA:1761,132,0,0
BRDA:1761,132,1,0
BRDA:1768,133,0,0
BRDA:1768,133,1,0
BRDA:1768,134,0,0
BRDA:1768,134,1,0
BRDA:1768,135,0,0
BRDA:1768,135,1,0
BRDA:1787,136,0,0
BRDA:1787,136,1,0
BRDA:1790,137,0,0
BRDA:1790,137,1,0
BRDA:1793,138,0,0
BRDA:1793,138,1,0
BRDA:1793,138,2,0
BRDA:1814,139,0,0
BRDA:1814,139,1,0
BRDA:1817,140,0,0
BRDA:1817,140,1,0
BRDA:1840,141,0,0
BRDA:1840,141,1,0
BRDA:1861,142,0,0
BRDA:1861,142,1,0
BRDA:1938,143,0,0
BRDA:1938,143,1,0
BRDA:1955,144,0,0
BRDA:1955,144,1,0
BRDA:1977,145,0,0
BRDA:1977,145,1,0
BRDA:1986,146,0,0
BRDA:1986,146,1,0
BRDA:1987,147,0,0
BRDA:1987,147,1,0
BRDA:1987,148,0,0
BRDA:1987,148,1,0
BRDA:1988,149,0,0
BRDA:1988,149,1,0
BRDA:1992,150,0,0
BRDA:1992,150,1,0
BRDA:2004,151,0,0
BRDA:2004,151,1,0
BRDA:2024,152,0,0
BRDA:2024,152,1,0
BRDA:2025,153,0,0
BRDA:2025,153,1,0
BRDA:2041,154,0,0
BRDA:2041,154,1,0
BRDA:2061,155,0,0
BRDA:2061,155,1,0
BRDA:2062,156,0,0
BRDA:2062,156,1,0
BRDA:2073,157,0,0
BRDA:2073,157,1,0
BRDA:2073,158,0,0
BRDA:2073,158,1,0
BRDA:2097,159,0,0
BRDA:2097,159,1,0
BRDA:2112,160,0,0
BRDA:2112,160,1,0
BRDA:2124,161,0,0
BRDA:2124,161,1,0
BRDA:2124,162,0,0
BRDA:2124,162,1,0
BRDA:2133,163,0,0
BRDA:2133,163,1,0
BRDA:2136,164,0,0
BRDA:2136,164,1,0
BRDA:2146,165,0,0
BRDA:2146,165,1,0
BRDA:2168,166,0,0
BRDA:2168,166,1,0
BRDA:2169,167,0,0
BRDA:2169,167,1,0
BRDA:2169,168,0,0
BRDA:2169,168,1,0
BRDA:2170,169,0,0
BRDA:2170,169,1,0
BRDA:2209,170,0,0
BRDA:2209,170,1,0
BRDA:2212,171,0,0
BRDA:2212,171,1,0
BRDA:2222,172,0,0
BRDA:2222,172,1,0
BRDA:2277,173,0,0
BRDA:2277,173,1,0
BRDA:2287,174,0,0
BRDA:2287,174,1,0
BRDA:2287,175,0,0
BRDA:2287,175,1,0
BRDA:2324,176,0,0
BRDA:2324,176,1,0
BRDA:2324,177,0,0
BRDA:2324,177,1,0
BRDA:2324,177,2,0
BRDA:2333,178,0,0
BRDA:2333,178,1,0
BRDA:2342,179,0,0
BRDA:2342,179,1,0
BRDA:2362,180,0,0
BRDA:2362,180,1,0
BRDA:2368,181,0,0
BRDA:2368,181,1,0
BRDA:2376,182,0,0
BRDA:2376,182,1,0
BRDA:2387,183,0,0
BRDA:2387,183,1,0
BRDA:2414,184,0,0
BRDA:2414,184,1,0
BRDA:2416,185,0,0
BRDA:2416,185,1,0
BRDA:2418,186,0,0
BRDA:2418,186,1,0
BRDA:2426,187,0,0
BRDA:2426,187,1,0
BRDA:2430,188,0,0
BRDA:2430,188,1,0
BRDA:2440,189,0,0
BRDA:2440,189,1,0
BRDA:2442,190,0,0
BRDA:2442,190,1,0
BRDA:2451,191,0,0
BRDA:2451,191,1,0
BRDA:2479,192,0,0
BRDA:2479,192,1,0
BRDA:2479,193,0,0
BRDA:2479,193,1,0
BRDA:2481,194,0,0
BRDA:2481,194,1,0
BRDA:2484,195,0,0
BRDA:2484,195,1,0
BRDA:2488,196,0,0
BRDA:2488,196,1,0
BRDA:2503,197,0,0
BRDA:2503,197,1,0
BRDA:2553,198,0,0
BRDA:2553,198,1,0
BRDA:2554,199,0,0
BRDA:2554,199,1,0
BRDA:2592,200,0,0
BRDA:2592,200,1,0
BRDA:2600,201,0,0
BRDA:2600,201,1,0
BRDA:2640,202,0,0
BRDA:2640,202,1,0
BRDA:2640,203,0,0
BRDA:2640,203,1,0
BRDA:2642,204,0,0
BRDA:2642,204,1,0
BRDA:2645,205,0,0
BRDA:2645,205,1,0
BRDA:2650,206,0,0
BRDA:2650,206,1,0
BRDA:2655,207,0,0
BRDA:2655,207,1,0
BRDA:2684,208,0,0
BRDA:2684,208,1,0
BRDA:2707,209,0,0
BRDA:2707,209,1,0
BRDA:2720,210,0,0
BRDA:2720,210,1,0
BRDA:2760,211,0,0
BRDA:2760,211,1,0
BRDA:2760,212,0,0
BRDA:2760,212,1,0
BRDA:2762,213,0,0
BRDA:2762,213,1,0
BRDA:2765,214,0,0
BRDA:2765,214,1,0
BRDA:2770,215,0,0
BRDA:2770,215,1,0
BRDA:2775,216,0,0
BRDA:2775,216,1,0
BRDA:2789,217,0,0
BRDA:2789,217,1,0
BRDA:2803,218,0,0
BRDA:2803,218,1,0
BRDA:2823,219,0,0
BRDA:2823,219,1,0
BRDA:2827,220,0,0
BRDA:2827,220,1,0
BRDA:2827,221,0,0
BRDA:2827,221,1,0
BRDA:2865,222,0,0
BRDA:2867,223,0,0
BRDA:2867,223,1,0
BRDA:2876,224,0,0
BRDA:2876,224,1,0
BRDA:2891,225,0,0
BRDA:2891,225,1,0
BRDA:2900,226,0,0
BRDA:2900,226,1,0
BRDA:2907,227,0,0
BRDA:2907,227,1,0
BRDA:2965,228,0,0
BRDA:2965,228,1,0
BRDA:2966,229,0,0
BRDA:2966,229,1,0
BRDA:2977,230,0,0
BRDA:2977,230,1,0
BRDA:2980,231,0,0
BRDA:2980,231,1,0
BRDA:2980,231,2,0
BRDA:2983,232,0,0
BRDA:2983,232,1,0
BRDA:2983,233,0,0
BRDA:2983,233,1,0
BRDA:2986,234,0,0
BRDA:2986,234,1,0
BRDA:2991,235,0,0
BRDA:2991,235,1,0
BRDA:2996,236,0,0
BRDA:2996,236,1,0
BRDA:3023,237,0,0
BRDA:3023,237,1,0
BRDA:3038,238,0,0
BRDA:3038,238,1,0
BRDA:3062,239,0,0
BRDA:3062,239,1,0
BRDA:3069,240,0,0
BRDA:3069,240,1,0
BRDA:3076,241,0,0
BRDA:3076,241,1,0
BRDA:3137,242,0,0
BRDA:3137,242,1,0
BRDA:3146,243,0,0
BRDA:3146,243,1,0
BRDA:3156,244,0,0
BRDA:3156,244,1,0
BRDA:3162,245,0,0
BRDA:3162,245,1,0
BRDA:3200,246,0,0
BRDA:3200,246,1,0
BRDA:3200,247,0,0
BRDA:3200,247,1,0
BRDA:3203,248,0,0
BRDA:3203,248,1,0
BRDA:3203,249,0,0
BRDA:3203,249,1,0
BRDA:3314,250,0,0
BRDA:3314,250,1,0
BRDA:3314,251,0,0
BRDA:3314,251,1,0
BRDA:3324,252,0,0
BRDA:3324,252,1,0
BRDA:3324,253,0,0
BRDA:3324,253,1,0
BRDA:3333,254,0,0
BRDA:3333,254,1,0
BRDA:3359,255,0,0
BRDA:3359,255,1,0
BRDA:3362,256,0,0
BRDA:3362,256,1,0
BRDA:3371,257,0,0
BRDA:3371,257,1,0
BRDA:3391,258,0,0
BRDA:3391,258,1,0
BRDA:3397,259,0,0
BRDA:3397,259,1,0
BRDA:3399,260,0,0
BRDA:3399,260,1,0
BRDA:3402,261,0,0
BRDA:3402,261,1,0
BRDA:3405,262,0,0
BRDA:3405,262,1,0
BRDA:3405,263,0,0
BRDA:3405,263,1,0
BRDA:3408,264,0,0
BRDA:3408,264,1,0
BRDA:3415,265,0,0
BRDA:3415,265,1,0
BRDA:3415,266,0,0
BRDA:3415,266,1,0
BRDA:3424,267,0,0
BRDA:3424,267,1,0
BRDA:3425,268,0,0
BRDA:3425,268,1,0
BRDA:3432,269,0,0
BRDA:3432,269,1,0
BRDA:3435,270,0,0
BRDA:3435,270,1,0
BRDA:3436,271,0,0
BRDA:3436,271,1,0
BRDA:3437,272,0,0
BRDA:3437,272,1,0
BRDA:3437,273,0,0
BRDA:3437,273,1,0
BRDA:3440,274,0,0
BRDA:3440,274,1,0
BRDA:3441,275,0,0
BRDA:3441,275,1,0
BRDA:3468,276,0,0
BRDA:3468,276,1,0
BRDA:3471,277,0,0
BRDA:3471,277,1,0
BRDA:3497,278,0,0
BRDA:3497,278,1,0
BRDA:3497,279,0,0
BRDA:3497,279,1,0
BRDA:3497,279,2,0
BRDA:3497,279,3,0
BRDA:3497,279,4,0
BRDA:3511,280,0,0
BRDA:3511,280,1,0
BRDA:3528,281,0,0
BRDA:3528,281,1,0
BRDA:3531,282,0,0
BRDA:3531,282,1,0
BRDA:3535,283,0,0
BRDA:3535,283,1,0
BRDA:3550,284,0,0
BRDA:3550,284,1,0
BRDA:3565,285,0,0
BRDA:3565,285,1,0
BRDA:3569,286,0,0
BRDA:3569,286,1,0
BRDA:3583,287,0,0
BRDA:3583,287,1,0
BRDA:3583,288,0,0
BRDA:3583,288,1,0
BRDA:3583,288,2,0
BRDA:3597,289,0,0
BRDA:3597,289,1,0
BRDA:3597,290,0,0
BRDA:3597,290,1,0
BRDA:3597,290,2,0
BRDA:3597,290,3,0
BRDA:3597,290,4,0
BRDA:3609,291,0,0
BRDA:3609,291,1,0
BRDA:3612,292,0,0
BRDA:3612,292,1,0
BRDA:3630,293,0,0
BRDA:3630,293,1,0
BRDA:3645,294,0,0
BRDA:3645,294,1,0
BRDA:3656,295,0,0
BRDA:3656,295,1,0
BRDA:3668,296,0,0
BRDA:3668,296,1,0
BRF:609
BRH:51
end_of_record
TN:
SF:controllers\consentFormController.js
FN:7,(anonymous_0)
FN:40,(anonymous_1)
FN:47,(anonymous_2)
FN:54,(anonymous_3)
FN:70,(anonymous_4)
FN:77,(anonymous_5)
FN:84,(anonymous_6)
FN:104,(anonymous_7)
FN:126,(anonymous_8)
FN:151,(anonymous_9)
FN:241,(anonymous_10)
FN:355,(anonymous_11)
FN:403,(anonymous_12)
FN:428,(anonymous_13)
FN:455,(anonymous_14)
FN:569,(anonymous_15)
FN:613,(anonymous_16)
FN:624,(anonymous_17)
FNF:18
FNH:0
FNDA:0,(anonymous_0)
FNDA:0,(anonymous_1)
FNDA:0,(anonymous_2)
FNDA:0,(anonymous_3)
FNDA:0,(anonymous_4)
FNDA:0,(anonymous_5)
FNDA:0,(anonymous_6)
FNDA:0,(anonymous_7)
FNDA:0,(anonymous_8)
FNDA:0,(anonymous_9)
FNDA:0,(anonymous_10)
FNDA:0,(anonymous_11)
FNDA:0,(anonymous_12)
FNDA:0,(anonymous_13)
FNDA:0,(anonymous_14)
FNDA:0,(anonymous_15)
FNDA:0,(anonymous_16)
FNDA:0,(anonymous_17)
DA:7,0
DA:8,0
DA:11,0
DA:21,0
DA:22,0
DA:26,0
DA:27,0
DA:28,0
DA:29,0
DA:30,0
DA:31,0
DA:32,0
DA:34,0
DA:39,0
DA:41,0
DA:42,0
DA:43,0
DA:45,0
DA:48,0
DA:49,0
DA:50,0
DA:54,0
DA:55,0
DA:56,0
DA:58,0
DA:62,0
DA:69,0
DA:71,0
DA:72,0
DA:73,0
DA:75,0
DA:78,0
DA:79,0
DA:80,0
DA:84,0
DA:86,0
DA:87,0
DA:88,0
DA:90,0
DA:91,0
DA:93,0
DA:97,0
DA:104,0
DA:105,0
DA:107,0
DA:108,0
DA:126,0
DA:133,0
DA:139,0
DA:140,0
DA:146,0
DA:151,0
DA:152,0
DA:154,0
DA:155,0
DA:156,0
DA:159,0
DA:160,0
DA:166,0
DA:169,0
DA:170,0
DA:176,0
DA:179,0
DA:185,0
DA:186,0
DA:192,0
DA:193,0
DA:194,0
DA:196,0
DA:197,0
DA:198,0
DA:199,0
DA:203,0
DA:218,0
DA:219,0
DA:223,0
DA:229,0
DA:230,0
DA:236,0
DA:241,0
DA:242,0
DA:244,0
DA:245,0
DA:246,0
DA:247,0
DA:250,0
DA:251,0
DA:258,0
DA:263,0
DA:264,0
DA:270,0
DA:273,0
DA:280,0
DA:281,0
DA:287,0
DA:288,0
DA:289,0
DA:292,0
DA:294,0
DA:295,0
DA:296,0
DA:297,0
DA:301,0
DA:302,0
DA:303,0
DA:306,0
DA:309,0
DA:332,0
DA:333,0
DA:337,0
DA:343,0
DA:344,0
DA:350,0
DA:355,0
DA:356,0
DA:358,0
DA:359,0
DA:362,0
DA:367,0
DA:368,0
DA:375,0
DA:376,0
DA:377,0
DA:378,0
DA:379,0
DA:384,0
DA:386,0
DA:391,0
DA:392,0
DA:398,0
DA:403,0
DA:404,0
DA:406,0
DA:407,0
DA:409,0
DA:428,0
DA:435,0
DA:443,0
DA:444,0
DA:450,0
DA:455,0
DA:456,0
DA:458,0
DA:459,0
DA:460,0
DA:461,0
DA:463,0
DA:464,0
DA:470,0
DA:471,0
DA:478,0
DA:483,0
DA:484,0
DA:491,0
DA:496,0
DA:497,0
DA:503,0
DA:506,0
DA:512,0
DA:514,0
DA:520,0
DA:521,0
DA:522,0
DA:523,0
DA:527,0
DA:535,0
DA:542,0
DA:550,0
DA:557,0
DA:558,0
DA:564,0
DA:569,0
DA:570,0
DA:572,0
DA:574,0
DA:575,0
DA:576,0
DA:583,0
DA:586,0
DA:587,0
DA:588,0
DA:595,0
DA:596,0
DA:605,0
DA:606,0
DA:607,0
DA:608,0
DA:611,0
DA:613,0
DA:614,0
DA:615,0
DA:616,0
DA:617,0
DA:624,0
DA:625,0
DA:626,0
DA:630,0
DA:633,0
DA:634,0
DA:635,0
LF:200
LH:0
BRDA:22,0,0,0
BRDA:22,0,1,0
BRDA:22,0,2,0
BRDA:22,0,3,0
BRDA:22,0,4,0
BRDA:26,1,0,0
BRDA:26,1,1,0
BRDA:26,2,0,0
BRDA:26,2,1,0
BRDA:32,3,0,0
BRDA:32,3,1,0
BRDA:42,4,0,0
BRDA:42,4,1,0
BRDA:55,5,0,0
BRDA:55,5,1,0
BRDA:72,6,0,0
BRDA:72,6,1,0
BRDA:90,7,0,0
BRDA:90,7,1,0
BRDA:90,8,0,0
BRDA:90,8,1,0
BRDA:128,9,0,0
BRDA:128,9,1,0
BRDA:159,10,0,0
BRDA:159,10,1,0
BRDA:159,11,0,0
BRDA:159,11,1,0
BRDA:166,12,0,0
BRDA:166,12,1,0
BRDA:169,13,0,0
BRDA:169,13,1,0
BRDA:169,14,0,0
BRDA:169,14,1,0
BRDA:176,15,0,0
BRDA:176,15,1,0
BRDA:185,16,0,0
BRDA:185,16,1,0
BRDA:196,17,0,0
BRDA:196,17,1,0
BRDA:210,18,0,0
BRDA:210,18,1,0
BRDA:211,19,0,0
BRDA:211,19,1,0
BRDA:219,20,0,0
BRDA:219,20,1,0
BRDA:250,21,0,0
BRDA:250,21,1,0
BRDA:250,22,0,0
BRDA:250,22,1,0
BRDA:263,23,0,0
BRDA:263,23,1,0
BRDA:270,24,0,0
BRDA:270,24,1,0
BRDA:280,25,0,0
BRDA:280,25,1,0
BRDA:292,26,0,0
BRDA:292,26,1,0
BRDA:294,27,0,0
BRDA:294,27,1,0
BRDA:296,28,0,0
BRDA:296,28,1,0
BRDA:306,29,0,0
BRDA:306,29,1,0
BRDA:323,30,0,0
BRDA:323,30,1,0
BRDA:324,31,0,0
BRDA:324,31,1,0
BRDA:333,32,0,0
BRDA:333,32,1,0
BRDA:367,33,0,0
BRDA:367,33,1,0
BRDA:376,34,0,0
BRDA:376,34,1,0
BRDA:378,35,0,0
BRDA:378,35,1,0
BRDA:430,36,0,0
BRDA:430,36,1,0
BRDA:463,37,0,0
BRDA:463,37,1,0
BRDA:470,38,0,0
BRDA:470,38,1,0
BRDA:483,39,0,0
BRDA:483,39,1,0
BRDA:496,40,0,0
BRDA:496,40,1,0
BRDA:512,41,0,0
BRDA:512,41,1,0
BRDA:520,42,0,0
BRDA:520,42,1,0
BRDA:522,43,0,0
BRDA:522,43,1,0
BRDA:574,44,0,0
BRDA:574,44,1,0
BRDA:586,45,0,0
BRDA:586,45,1,0
BRDA:605,46,0,0
BRDA:605,46,1,0
BRDA:615,47,0,0
BRDA:615,47,1,0
BRDA:625,48,0,0
BRDA:625,48,1,0
BRF:101
BRH:0
end_of_record
TN:
SF:controllers\dischargeSummaryController.js
FN:7,(anonymous_0)
FN:79,(anonymous_1)
FN:248,(anonymous_2)
FN:261,(anonymous_3)
FN:320,(anonymous_4)
FNF:5
FNH:0
FNDA:0,(anonymous_0)
FNDA:0,(anonymous_1)
FNDA:0,(anonymous_2)
FNDA:0,(anonymous_3)
FNDA:0,(anonymous_4)
DA:7,0
DA:8,0
DA:9,0
DA:12,0
DA:28,0
DA:29,0
DA:35,0
DA:37,0
DA:66,0
DA:67,0
DA:79,0
DA:80,0
DA:82,0
DA:83,0
DA:101,0
DA:103,0
DA:106,0
DA:107,0
DA:114,0
DA:119,0
DA:120,0
DA:127,0
DA:128,0
DA:129,0
DA:130,0
DA:131,0
DA:135,0
DA:138,0
DA:143,0
DA:150,0
DA:152,0
DA:185,0
DA:205,0
DA:207,0
DA:233,0
DA:234,0
DA:240,0
DA:248,0
DA:249,0
DA:250,0
DA:251,0
DA:252,0
DA:255,0
DA:256,0
DA:257,0
DA:259,0
DA:261,0
DA:264,0
DA:265,0
DA:266,0
DA:268,0
DA:269,0
DA:271,0
DA:275,0
DA:276,0
DA:277,0
DA:279,0
DA:282,0
DA:283,0
DA:285,0
DA:292,0
DA:294,0
DA:295,0
DA:301,0
DA:307,0
DA:308,0
DA:320,0
DA:321,0
DA:322,0
DA:324,0
DA:332,0
DA:333,0
DA:339,0
DA:344,0
DA:345,0
LF:75
LH:0
BRDA:28,0,0,0
BRDA:28,0,1,0
BRDA:106,1,0,0
BRDA:106,1,1,0
BRDA:106,2,0,0
BRDA:106,2,1,0
BRDA:106,2,2,0
BRDA:119,3,0,0
BRDA:119,3,1,0
BRDA:128,4,0,0
BRDA:128,4,1,0
BRDA:135,5,0,0
BRDA:135,5,1,0
BRDA:138,6,0,0
BRDA:138,6,1,0
BRDA:150,7,0,0
BRDA:150,7,1,0
BRDA:177,8,0,0
BRDA:177,8,1,0
BRDA:179,9,0,0
BRDA:179,9,1,0
BRDA:179,10,0,0
BRDA:179,10,1,0
BRDA:180,11,0,0
BRDA:180,11,1,0
BRDA:197,12,0,0
BRDA:197,12,1,0
BRDA:199,13,0,0
BRDA:199,13,1,0
BRDA:199,14,0,0
BRDA:199,14,1,0
BRDA:200,15,0,0
BRDA:200,15,1,0
BRDA:209,16,0,0
BRDA:209,16,1,0
BRDA:264,17,0,0
BRDA:264,17,1,0
BRDA:294,18,0,0
BRDA:294,18,1,0
BRDA:332,19,0,0
BRDA:332,19,1,0
BRF:41
BRH:0
end_of_record
TN:
SF:controllers\doctorsController.js
FN:8,(anonymous_0)
FN:68,(anonymous_1)
FN:111,(anonymous_2)
FN:276,(anonymous_3)
FN:427,(anonymous_4)
FN:489,(anonymous_5)
FN:515,(anonymous_6)
FN:583,(anonymous_7)
FN:633,(anonymous_8)
FN:693,(anonymous_9)
FN:708,(anonymous_10)
FNF:11
FNH:0
FNDA:0,(anonymous_0)
FNDA:0,(anonymous_1)
FNDA:0,(anonymous_2)
FNDA:0,(anonymous_3)
FNDA:0,(anonymous_4)
FNDA:0,(anonymous_5)
FNDA:0,(anonymous_6)
FNDA:0,(anonymous_7)
FNDA:0,(anonymous_8)
FNDA:0,(anonymous_9)
FNDA:0,(anonymous_10)
DA:8,0
DA:9,0
DA:10,0
DA:14,0
DA:32,0
DA:33,0
DA:38,0
DA:40,0
DA:41,0
DA:43,0
DA:44,0
DA:45,0
DA:46,0
DA:49,0
DA:51,0
DA:53,0
DA:59,0
DA:60,0
DA:68,0
DA:69,0
DA:70,0
DA:72,0
DA:90,0
DA:91,0
DA:97,0
DA:102,0
DA:103,0
DA:111,0
DA:112,0
DA:114,0
DA:115,0
DA:117,0
DA:119,0
DA:120,0
DA:121,0
DA:122,0
DA:123,0
DA:130,0
DA:133,0
DA:138,0
DA:139,0
DA:140,0
DA:147,0
DA:148,0
DA:153,0
DA:154,0
DA:155,0
DA:163,0
DA:164,0
DA:165,0
DA:166,0
DA:167,0
DA:168,0
DA:169,0
DA:176,0
DA:177,0
DA:178,0
DA:181,0
DA:182,0
DA:183,0
DA:184,0
DA:185,0
DA:186,0
DA:187,0
DA:191,0
DA:194,0
DA:200,0
DA:203,0
DA:204,0
DA:205,0
DA:208,0
DA:215,0
DA:218,0
DA:219,0
DA:222,0
DA:228,0
DA:229,0
DA:230,0
DA:231,0
DA:233,0
DA:237,0
DA:239,0
DA:257,0
DA:258,0
DA:259,0
DA:260,0
DA:265,0
DA:271,0
DA:276,0
DA:277,0
DA:279,0
DA:280,0
DA:282,0
DA:283,0
DA:284,0
DA:285,0
DA:292,0
DA:293,0
DA:296,0
DA:297,0
DA:298,0
DA:299,0
DA:305,0
DA:306,0
DA:309,0
DA:310,0
DA:315,0
DA:316,0
DA:317,0
DA:325,0
DA:326,0
DA:331,0
DA:332,0
DA:333,0
DA:341,0
DA:342,0
DA:343,0
DA:344,0
DA:345,0
DA:346,0
DA:347,0
DA:353,0
DA:354,0
DA:355,0
DA:356,0
DA:357,0
DA:358,0
DA:359,0
DA:360,0
DA:361,0
DA:366,0
DA:376,0
DA:385,0
DA:387,0
DA:388,0
DA:389,0
DA:392,0
DA:400,0
DA:402,0
DA:408,0
DA:409,0
DA:410,0
DA:411,0
DA:416,0
DA:422,0
DA:427,0
DA:428,0
DA:430,0
DA:431,0
DA:433,0
DA:436,0
DA:441,0
DA:442,0
DA:443,0
DA:449,0
DA:450,0
DA:453,0
DA:459,0
DA:465,0
DA:470,0
DA:472,0
DA:477,0
DA:478,0
DA:479,0
DA:484,0
DA:489,0
DA:490,0
DA:491,0
DA:493,0
DA:500,0
DA:506,0
DA:507,0
DA:515,0
DA:516,0
DA:518,0
DA:519,0
DA:521,0
DA:522,0
DA:523,0
DA:524,0
DA:531,0
DA:534,0
DA:541,0
DA:542,0
DA:543,0
DA:550,0
DA:556,0
DA:558,0
DA:564,0
DA:565,0
DA:566,0
DA:567,0
DA:572,0
DA:578,0
DA:583,0
DA:584,0
DA:585,0
DA:586,0
DA:587,0
DA:594,0
DA:595,0
DA:597,0
DA:604,0
DA:605,0
DA:611,0
DA:617,0
DA:618,0
DA:619,0
DA:624,0
DA:633,0
DA:634,0
DA:636,0
DA:637,0
DA:639,0
DA:642,0
DA:646,0
DA:647,0
DA:648,0
DA:655,0
DA:659,0
DA:660,0
DA:661,0
DA:668,0
DA:674,0
DA:676,0
DA:681,0
DA:682,0
DA:683,0
DA:688,0
DA:693,0
DA:694,0
DA:695,0
DA:708,0
DA:718,0
DA:726,0
DA:727,0
LF:236
LH:0
BRDA:10,0,0,0
BRDA:10,1,0,0
BRDA:32,2,0,0
BRDA:32,2,1,0
BRDA:32,3,0,0
BRDA:32,3,1,0
BRDA:43,4,0,0
BRDA:43,4,1,0
BRDA:90,5,0,0
BRDA:90,5,1,0
BRDA:120,6,0,0
BRDA:120,6,1,0
BRDA:138,7,0,0
BRDA:138,7,1,0
BRDA:147,8,0,0
BRDA:147,8,1,0
BRDA:153,9,0,0
BRDA:153,9,1,0
BRDA:165,10,0,0
BRDA:165,10,1,0
BRDA:167,11,0,0
BRDA:167,11,1,0
BRDA:177,12,0,0
BRDA:177,12,1,0
BRDA:181,13,0,0
BRDA:181,13,1,0
BRDA:181,14,0,0
BRDA:181,14,1,0
BRDA:184,15,0,0
BRDA:184,15,1,0
BRDA:184,16,0,0
BRDA:184,16,1,0
BRDA:186,17,0,0
BRDA:186,17,1,0
BRDA:241,18,0,0
BRDA:241,18,1,0
BRDA:259,19,0,0
BRDA:259,19,1,0
BRDA:283,20,0,0
BRDA:283,20,1,0
BRDA:297,21,0,0
BRDA:297,21,1,0
BRDA:306,22,0,0
BRDA:306,22,1,0
BRDA:309,23,0,0
BRDA:309,23,1,0
BRDA:309,24,0,0
BRDA:309,24,1,0
BRDA:315,25,0,0
BRDA:315,25,1,0
BRDA:325,26,0,0
BRDA:325,26,1,0
BRDA:328,27,0,0
BRDA:328,27,1,0
BRDA:331,28,0,0
BRDA:331,28,1,0
BRDA:343,29,0,0
BRDA:343,29,1,0
BRDA:345,30,0,0
BRDA:345,30,1,0
BRDA:354,31,0,0
BRDA:354,31,1,0
BRDA:356,32,0,0
BRDA:356,32,1,0
BRDA:358,33,0,0
BRDA:358,33,1,0
BRDA:358,34,0,0
BRDA:358,34,1,0
BRDA:360,35,0,0
BRDA:360,35,1,0
BRDA:385,36,0,0
BRDA:385,36,1,0
BRDA:385,37,0,0
BRDA:385,37,1,0
BRDA:410,38,0,0
BRDA:410,38,1,0
BRDA:441,39,0,0
BRDA:441,39,1,0
BRDA:491,40,0,0
BRDA:522,41,0,0
BRDA:522,41,1,0
BRDA:541,42,0,0
BRDA:541,42,1,0
BRDA:566,43,0,0
BRDA:566,43,1,0
BRDA:586,44,0,0
BRDA:586,44,1,0
BRDA:604,45,0,0
BRDA:604,45,1,0
BRDA:618,46,0,0
BRDA:618,46,1,0
BRDA:646,47,0,0
BRDA:646,47,1,0
BRDA:659,48,0,0
BRDA:659,48,1,0
BRF:95
BRH:0
end_of_record
TN:
SF:controllers\exportController.js
FN:7,(anonymous_0)
FN:96,(anonymous_1)
FN:97,(anonymous_2)
FN:219,(anonymous_3)
FN:223,(anonymous_4)
FN:224,(anonymous_5)
FN:259,(anonymous_6)
FN:348,(anonymous_7)
FN:349,(anonymous_8)
FN:470,(anonymous_9)
FN:473,(anonymous_10)
FN:474,(anonymous_11)
FN:507,(anonymous_12)
FNF:13
FNH:0
FNDA:0,(anonymous_0)
FNDA:0,(anonymous_1)
FNDA:0,(anonymous_2)
FNDA:0,(anonymous_3)
FNDA:0,(anonymous_4)
FNDA:0,(anonymous_5)
FNDA:0,(anonymous_6)
FNDA:0,(anonymous_7)
FNDA:0,(anonymous_8)
FNDA:0,(anonymous_9)
FNDA:0,(anonymous_10)
FNDA:0,(anonymous_11)
FNDA:0,(anonymous_12)
DA:7,0
DA:8,0
DA:9,0
DA:10,0
DA:13,0
DA:20,0
DA:21,0
DA:22,0
DA:23,0
DA:26,0
DA:27,0
DA:31,0
DA:32,0
DA:33,0
DA:34,0
DA:37,0
DA:38,0
DA:39,0
DA:40,0
DA:44,0
DA:46,0
DA:47,0
DA:48,0
DA:49,0
DA:51,0
DA:52,0
DA:53,0
DA:57,0
DA:58,0
DA:59,0
DA:60,0
DA:63,0
DA:68,0
DA:95,0
DA:96,0
DA:97,0
DA:99,0
DA:100,0
DA:108,0
DA:112,0
DA:114,0
DA:115,0
DA:138,0
DA:139,0
DA:140,0
DA:141,0
DA:159,0
DA:160,0
DA:161,0
DA:162,0
DA:180,0
DA:181,0
DA:184,0
DA:185,0
DA:188,0
DA:192,0
DA:200,0
DA:208,0
DA:211,0
DA:212,0
DA:219,0
DA:220,0
DA:223,0
DA:224,0
DA:225,0
DA:227,0
DA:228,0
DA:229,0
DA:230,0
DA:232,0
DA:234,0
DA:237,0
DA:240,0
DA:243,0
DA:244,0
DA:245,0
DA:248,0
DA:249,0
DA:251,0
DA:259,0
DA:260,0
DA:261,0
DA:262,0
DA:265,0
DA:272,0
DA:273,0
DA:274,0
DA:275,0
DA:278,0
DA:279,0
DA:283,0
DA:284,0
DA:285,0
DA:286,0
DA:289,0
DA:290,0
DA:291,0
DA:292,0
DA:296,0
DA:298,0
DA:299,0
DA:300,0
DA:301,0
DA:303,0
DA:304,0
DA:305,0
DA:309,0
DA:310,0
DA:311,0
DA:312,0
DA:315,0
DA:320,0
DA:347,0
DA:348,0
DA:349,0
DA:351,0
DA:352,0
DA:360,0
DA:364,0
DA:366,0
DA:367,0
DA:390,0
DA:391,0
DA:392,0
DA:393,0
DA:411,0
DA:412,0
DA:413,0
DA:414,0
DA:432,0
DA:433,0
DA:436,0
DA:437,0
DA:440,0
DA:444,0
DA:452,0
DA:460,0
DA:462,0
DA:463,0
DA:470,0
DA:471,0
DA:473,0
DA:474,0
DA:475,0
DA:476,0
DA:477,0
DA:478,0
DA:479,0
DA:481,0
DA:483,0
DA:486,0
DA:489,0
DA:492,0
DA:493,0
DA:494,0
DA:497,0
DA:498,0
DA:500,0
DA:507,0
DA:508,0
DA:509,0
DA:536,0
DA:541,0
DA:542,0
LF:164
LH:0
BRDA:13,0,0,0
BRDA:13,0,1,0
BRDA:26,1,0,0
BRDA:26,1,1,0
BRDA:26,2,0,0
BRDA:26,2,1,0
BRDA:26,2,2,0
BRDA:31,3,0,0
BRDA:31,3,1,0
BRDA:37,4,0,0
BRDA:37,4,1,0
BRDA:44,5,0,0
BRDA:44,5,1,0
BRDA:46,6,0,0
BRDA:46,6,1,0
BRDA:57,7,0,0
BRDA:57,7,1,0
BRDA:63,8,0,0
BRDA:63,8,1,0
BRDA:99,9,0,0
BRDA:99,9,1,0
BRDA:108,10,0,0
BRDA:108,10,1,0
BRDA:114,11,0,0
BRDA:114,11,1,0
BRDA:114,12,0,0
BRDA:114,12,1,0
BRDA:140,13,0,0
BRDA:140,13,1,0
BRDA:161,14,0,0
BRDA:161,14,1,0
BRDA:184,15,0,0
BRDA:184,15,1,0
BRDA:188,16,0,0
BRDA:188,16,1,0
BRDA:211,17,0,0
BRDA:211,17,1,0
BRDA:227,18,0,0
BRDA:227,18,1,0
BRDA:227,19,0,0
BRDA:227,19,1,0
BRDA:229,20,0,0
BRDA:229,20,1,0
BRDA:229,21,0,0
BRDA:229,21,1,0
BRDA:229,21,2,0
BRDA:265,22,0,0
BRDA:265,22,1,0
BRDA:278,23,0,0
BRDA:278,23,1,0
BRDA:278,24,0,0
BRDA:278,24,1,0
BRDA:278,24,2,0
BRDA:283,25,0,0
BRDA:283,25,1,0
BRDA:289,26,0,0
BRDA:289,26,1,0
BRDA:296,27,0,0
BRDA:296,27,1,0
BRDA:298,28,0,0
BRDA:298,28,1,0
BRDA:309,29,0,0
BRDA:309,29,1,0
BRDA:315,30,0,0
BRDA:315,30,1,0
BRDA:351,31,0,0
BRDA:351,31,1,0
BRDA:360,32,0,0
BRDA:360,32,1,0
BRDA:366,33,0,0
BRDA:366,33,1,0
BRDA:366,34,0,0
BRDA:366,34,1,0
BRDA:392,35,0,0
BRDA:392,35,1,0
BRDA:413,36,0,0
BRDA:413,36,1,0
BRDA:436,37,0,0
BRDA:436,37,1,0
BRDA:440,38,0,0
BRDA:440,38,1,0
BRDA:462,39,0,0
BRDA:462,39,1,0
BRDA:476,40,0,0
BRDA:476,40,1,0
BRDA:476,41,0,0
BRDA:476,41,1,0
BRDA:478,42,0,0
BRDA:478,42,1,0
BRDA:478,43,0,0
BRDA:478,43,1,0
BRDA:478,43,2,0
BRF:92
BRH:0
end_of_record
TN:
SF:controllers\gpController.js
FN:8,(anonymous_0)
FN:28,(anonymous_1)
FN:62,(anonymous_2)
FN:99,(anonymous_3)
FN:154,(anonymous_4)
FN:176,(anonymous_5)
FN:284,(anonymous_6)
FN:388,(anonymous_7)
FNF:8
FNH:0
FNDA:0,(anonymous_0)
FNDA:0,(anonymous_1)
FNDA:0,(anonymous_2)
FNDA:0,(anonymous_3)
FNDA:0,(anonymous_4)
FNDA:0,(anonymous_5)
FNDA:0,(anonymous_6)
FNDA:0,(anonymous_7)
DA:8,0
DA:9,0
DA:11,0
DA:12,0
DA:16,0
DA:25,0
DA:28,0
DA:43,0
DA:45,0
DA:51,0
DA:52,0
DA:57,0
DA:62,0
DA:63,0
DA:65,0
DA:66,0
DA:68,0
DA:76,0
DA:77,0
DA:83,0
DA:88,0
DA:89,0
DA:94,0
DA:99,0
DA:100,0
DA:102,0
DA:103,0
DA:105,0
DA:106,0
DA:107,0
DA:108,0
DA:115,0
DA:118,0
DA:123,0
DA:124,0
DA:125,0
DA:132,0
DA:133,0
DA:138,0
DA:139,0
DA:140,0
DA:154,0
DA:155,0
DA:156,0
DA:157,0
DA:158,0
DA:159,0
DA:162,0
DA:163,0
DA:164,0
DA:165,0
DA:166,0
DA:170,0
DA:171,0
DA:172,0
DA:176,0
DA:179,0
DA:180,0
DA:181,0
DA:184,0
DA:191,0
DA:194,0
DA:195,0
DA:196,0
DA:197,0
DA:198,0
DA:199,0
DA:200,0
DA:201,0
DA:203,0
DA:204,0
DA:205,0
DA:212,0
DA:213,0
DA:214,0
DA:215,0
DA:216,0
DA:218,0
DA:219,0
DA:220,0
DA:221,0
DA:222,0
DA:223,0
DA:226,0
DA:227,0
DA:228,0
DA:229,0
DA:230,0
DA:231,0
DA:232,0
DA:233,0
DA:234,0
DA:237,0
DA:240,0
DA:241,0
DA:243,0
DA:244,0
DA:247,0
DA:265,0
DA:266,0
DA:267,0
DA:268,0
DA:273,0
DA:279,0
DA:284,0
DA:285,0
DA:287,0
DA:288,0
DA:290,0
DA:291,0
DA:292,0
DA:293,0
DA:300,0
DA:301,0
DA:304,0
DA:309,0
DA:310,0
DA:311,0
DA:317,0
DA:318,0
DA:321,0
DA:322,0
DA:327,0
DA:328,0
DA:329,0
DA:337,0
DA:338,0
DA:343,0
DA:344,0
DA:345,0
DA:353,0
DA:361,0
DA:363,0
DA:369,0
DA:370,0
DA:371,0
DA:372,0
DA:377,0
DA:383,0
DA:388,0
DA:389,0
DA:391,0
DA:392,0
DA:394,0
DA:401,0
DA:402,0
DA:408,0
DA:413,0
DA:414,0
DA:419,0
LF:150
LH:0
BRDA:12,0,0,0
BRDA:76,1,0,0
BRDA:76,1,1,0
BRDA:106,2,0,0
BRDA:106,2,1,0
BRDA:123,3,0,0
BRDA:123,3,1,0
BRDA:132,4,0,0
BRDA:132,4,1,0
BRDA:138,5,0,0
BRDA:138,5,1,0
BRDA:188,6,0,0
BRDA:188,6,1,0
BRDA:212,7,0,0
BRDA:212,7,1,0
BRDA:219,8,0,0
BRDA:219,8,1,0
BRDA:223,9,0,0
BRDA:223,9,1,0
BRDA:234,10,0,0
BRDA:234,10,1,0
BRDA:240,11,0,0
BRDA:240,11,1,0
BRDA:243,12,0,0
BRDA:243,12,1,0
BRDA:249,13,0,0
BRDA:249,13,1,0
BRDA:251,14,0,0
BRDA:251,14,1,0
BRDA:259,15,0,0
BRDA:259,15,1,0
BRDA:261,16,0,0
BRDA:261,16,1,0
BRDA:267,17,0,0
BRDA:267,17,1,0
BRDA:291,18,0,0
BRDA:291,18,1,0
BRDA:309,19,0,0
BRDA:309,19,1,0
BRDA:318,20,0,0
BRDA:318,20,1,0
BRDA:321,21,0,0
BRDA:321,21,1,0
BRDA:321,22,0,0
BRDA:321,22,1,0
BRDA:327,23,0,0
BRDA:327,23,1,0
BRDA:337,24,0,0
BRDA:337,24,1,0
BRDA:340,25,0,0
BRDA:340,25,1,0
BRDA:343,26,0,0
BRDA:343,26,1,0
BRDA:359,27,0,0
BRDA:359,27,1,0
BRDA:371,28,0,0
BRDA:371,28,1,0
BRDA:401,29,0,0
BRDA:401,29,1,0
BRF:59
BRH:0
end_of_record
TN:
SF:controllers\guidelineController.js
FN:10,(anonymous_0)
FN:36,(anonymous_1)
FN:59,(anonymous_2)
FN:81,(anonymous_3)
FN:139,(anonymous_4)
FN:197,(anonymous_5)
FN:244,(anonymous_6)
FN:253,(anonymous_7)
FNF:8
FNH:0
FNDA:0,(anonymous_0)
FNDA:0,(anonymous_1)
FNDA:0,(anonymous_2)
FNDA:0,(anonymous_3)
FNDA:0,(anonymous_4)
FNDA:0,(anonymous_5)
FNDA:0,(anonymous_6)
FNDA:0,(anonymous_7)
DA:10,0
DA:11,0
DA:12,0
DA:14,0
DA:15,0
DA:20,0
DA:21,0
DA:22,0
DA:28,0
DA:29,0
DA:31,0
DA:33,0
DA:36,0
DA:48,0
DA:49,0
DA:59,0
DA:60,0
DA:61,0
DA:63,0
DA:65,0
DA:70,0
DA:71,0
DA:81,0
DA:82,0
DA:83,0
DA:84,0
DA:86,0
DA:87,0
DA:94,0
DA:95,0
DA:96,0
DA:97,0
DA:101,0
DA:103,0
DA:104,0
DA:109,0
DA:112,0
DA:113,0
DA:123,0
DA:128,0
DA:129,0
DA:139,0
DA:140,0
DA:141,0
DA:142,0
DA:144,0
DA:145,0
DA:152,0
DA:153,0
DA:154,0
DA:155,0
DA:159,0
DA:161,0
DA:162,0
DA:167,0
DA:170,0
DA:171,0
DA:181,0
DA:186,0
DA:187,0
DA:197,0
DA:198,0
DA:199,0
DA:200,0
DA:202,0
DA:203,0
DA:210,0
DA:217,0
DA:218,0
DA:228,0
DA:233,0
DA:234,0
DA:244,0
DA:245,0
DA:246,0
DA:248,0
DA:250,0
DA:253,0
DA:265,0
DA:266,0
LF:80
LH:0
BRDA:20,0,0,0
BRDA:20,0,1,0
BRDA:86,1,0,0
BRDA:86,1,1,0
BRDA:86,2,0,0
BRDA:86,2,1,0
BRDA:95,3,0,0
BRDA:95,3,1,0
BRDA:103,4,0,0
BRDA:103,4,1,0
BRDA:104,5,0,0
BRDA:104,5,1,0
BRDA:112,6,0,0
BRDA:112,6,1,0
BRDA:144,7,0,0
BRDA:144,7,1,0
BRDA:144,8,0,0
BRDA:144,8,1,0
BRDA:153,9,0,0
BRDA:153,9,1,0
BRDA:161,10,0,0
BRDA:161,10,1,0
BRDA:162,11,0,0
BRDA:162,11,1,0
BRDA:170,12,0,0
BRDA:170,12,1,0
BRDA:175,13,0,0
BRDA:175,13,1,0
BRDA:202,14,0,0
BRDA:202,14,1,0
BRDA:202,15,0,0
BRDA:202,15,1,0
BRDA:217,16,0,0
BRDA:217,16,1,0
BRDA:222,17,0,0
BRDA:222,17,1,0
BRF:36
BRH:0
end_of_record
TN:
SF:controllers\investigationController.js
FN:11,(anonymous_0)
FN:18,(anonymous_1)
FN:24,(anonymous_2)
FN:49,(anonymous_3)
FN:185,(anonymous_4)
FN:357,(anonymous_5)
FN:469,(anonymous_6)
FN:536,(anonymous_7)
FN:591,(anonymous_8)
FN:628,(anonymous_9)
FN:657,(anonymous_10)
FN:716,(anonymous_11)
FN:753,(anonymous_12)
FN:790,(anonymous_13)
FN:813,(anonymous_14)
FN:834,(anonymous_15)
FN:839,(anonymous_16)
FN:855,(anonymous_17)
FN:872,(anonymous_18)
FN:883,(anonymous_19)
FN:909,(anonymous_20)
FN:942,(anonymous_21)
FN:976,(anonymous_22)
FN:982,(anonymous_23)
FN:1122,(anonymous_24)
FN:1161,(anonymous_25)
FN:1234,(anonymous_26)
FN:1272,(anonymous_27)
FN:1335,(anonymous_28)
FN:1384,(anonymous_29)
FN:1416,(anonymous_30)
FN:1480,(anonymous_31)
FN:1491,(anonymous_32)
FN:1495,(anonymous_33)
FN:1516,(anonymous_34)
FNF:35
FNH:0
FNDA:0,(anonymous_0)
FNDA:0,(anonymous_1)
FNDA:0,(anonymous_2)
FNDA:0,(anonymous_3)
FNDA:0,(anonymous_4)
FNDA:0,(anonymous_5)
FNDA:0,(anonymous_6)
FNDA:0,(anonymous_7)
FNDA:0,(anonymous_8)
FNDA:0,(anonymous_9)
FNDA:0,(anonymous_10)
FNDA:0,(anonymous_11)
FNDA:0,(anonymous_12)
FNDA:0,(anonymous_13)
FNDA:0,(anonymous_14)
FNDA:0,(anonymous_15)
FNDA:0,(anonymous_16)
FNDA:0,(anonymous_17)
FNDA:0,(anonymous_18)
FNDA:0,(anonymous_19)
FNDA:0,(anonymous_20)
FNDA:0,(anonymous_21)
FNDA:0,(anonymous_22)
FNDA:0,(anonymous_23)
FNDA:0,(anonymous_24)
FNDA:0,(anonymous_25)
FNDA:0,(anonymous_26)
FNDA:0,(anonymous_27)
FNDA:0,(anonymous_28)
FNDA:0,(anonymous_29)
FNDA:0,(anonymous_30)
FNDA:0,(anonymous_31)
FNDA:0,(anonymous_32)
FNDA:0,(anonymous_33)
FNDA:0,(anonymous_34)
DA:10,0
DA:12,0
DA:13,0
DA:14,0
DA:16,0
DA:19,0
DA:20,0
DA:24,0
DA:26,0
DA:27,0
DA:28,0
DA:33,0
DA:34,0
DA:36,0
DA:40,0
DA:49,0
DA:50,0
DA:52,0
DA:53,0
DA:60,0
DA:61,0
DA:62,0
DA:65,0
DA:66,0
DA:73,0
DA:78,0
DA:79,0
DA:86,0
DA:87,0
DA:88,0
DA:89,0
DA:90,0
DA:91,0
DA:92,0
DA:93,0
DA:98,0
DA:103,0
DA:108,0
DA:109,0
DA:110,0
DA:111,0
DA:112,0
DA:116,0
DA:117,0
DA:118,0
DA:122,0
DA:123,0
DA:126,0
DA:149,0
DA:151,0
DA:174,0
DA:175,0
DA:180,0
DA:185,0
DA:186,0
DA:188,0
DA:189,0
DA:196,0
DA:197,0
DA:198,0
DA:201,0
DA:202,0
DA:203,0
DA:210,0
DA:211,0
DA:218,0
DA:226,0
DA:227,0
DA:233,0
DA:236,0
DA:237,0
DA:238,0
DA:239,0
DA:240,0
DA:241,0
DA:242,0
DA:243,0
DA:248,0
DA:249,0
DA:251,0
DA:253,0
DA:254,0
DA:255,0
DA:257,0
DA:260,0
DA:261,0
DA:265,0
DA:266,0
DA:267,0
DA:271,0
DA:272,0
DA:275,0
DA:278,0
DA:289,0
DA:299,0
DA:314,0
DA:316,0
DA:339,0
DA:340,0
DA:346,0
DA:352,0
DA:357,0
DA:358,0
DA:360,0
DA:361,0
DA:366,0
DA:367,0
DA:368,0
DA:371,0
DA:372,0
DA:379,0
DA:384,0
DA:385,0
DA:392,0
DA:397,0
DA:402,0
DA:403,0
DA:404,0
DA:405,0
DA:406,0
DA:410,0
DA:433,0
DA:435,0
DA:458,0
DA:459,0
DA:464,0
DA:469,0
DA:470,0
DA:472,0
DA:473,0
DA:474,0
DA:477,0
DA:482,0
DA:483,0
DA:489,0
DA:492,0
DA:493,0
DA:494,0
DA:495,0
DA:496,0
DA:497,0
DA:498,0
DA:499,0
DA:504,0
DA:524,0
DA:526,0
DA:527,0
DA:528,0
DA:531,0
DA:533,0
DA:536,0
DA:559,0
DA:561,0
DA:562,0
DA:563,0
DA:564,0
DA:567,0
DA:589,0
DA:591,0
DA:592,0
DA:598,0
DA:599,0
DA:600,0
DA:601,0
DA:602,0
DA:604,0
DA:628,0
DA:629,0
DA:630,0
DA:631,0
DA:636,0
DA:646,0
DA:647,0
DA:652,0
DA:657,0
DA:658,0
DA:660,0
DA:661,0
DA:662,0
DA:665,0
DA:670,0
DA:671,0
DA:678,0
DA:679,0
DA:686,0
DA:687,0
DA:688,0
DA:689,0
DA:691,0
DA:697,0
DA:699,0
DA:705,0
DA:706,0
DA:711,0
DA:716,0
DA:717,0
DA:719,0
DA:720,0
DA:724,0
DA:745,0
DA:748,0
DA:749,0
DA:750,0
DA:752,0
DA:753,0
DA:755,0
DA:765,0
DA:777,0
DA:789,0
DA:790,0
DA:791,0
DA:792,0
DA:798,0
DA:801,0
DA:802,0
DA:803,0
DA:804,0
DA:805,0
DA:806,0
DA:811,0
DA:812,0
DA:813,0
DA:814,0
DA:815,0
DA:821,0
DA:822,0
DA:823,0
DA:824,0
DA:825,0
DA:826,0
DA:827,0
DA:833,0
DA:834,0
DA:835,0
DA:839,0
DA:840,0
DA:841,0
DA:842,0
DA:843,0
DA:844,0
DA:845,0
DA:846,0
DA:847,0
DA:849,0
DA:850,0
DA:855,0
DA:856,0
DA:857,0
DA:859,0
DA:860,0
DA:862,0
DA:864,0
DA:865,0
DA:870,0
DA:872,0
DA:873,0
DA:874,0
DA:875,0
DA:877,0
DA:880,0
DA:883,0
DA:884,0
DA:885,0
DA:886,0
DA:887,0
DA:890,0
DA:909,0
DA:911,0
DA:915,0
DA:918,0
DA:921,0
DA:931,0
DA:932,0
DA:937,0
DA:942,0
DA:943,0
DA:945,0
DA:946,0
DA:956,0
DA:957,0
DA:960,0
DA:961,0
DA:968,0
DA:969,0
DA:970,0
DA:971,0
DA:975,0
DA:976,0
DA:977,0
DA:979,0
DA:980,0
DA:981,0
DA:982,0
DA:987,0
DA:988,0
DA:995,0
DA:1000,0
DA:1001,0
DA:1008,0
DA:1013,0
DA:1020,0
DA:1026,0
DA:1034,0
DA:1036,0
DA:1037,0
DA:1041,0
DA:1042,0
DA:1046,0
DA:1048,0
DA:1049,0
DA:1067,0
DA:1070,0
DA:1074,0
DA:1076,0
DA:1077,0
DA:1078,0
DA:1087,0
DA:1089,0
DA:1099,0
DA:1106,0
DA:1108,0
DA:1112,0
DA:1115,0
DA:1122,0
DA:1149,0
DA:1150,0
DA:1156,0
DA:1161,0
DA:1162,0
DA:1164,0
DA:1165,0
DA:1166,0
DA:1169,0
DA:1174,0
DA:1175,0
DA:1184,0
DA:1222,0
DA:1224,0
DA:1225,0
DA:1226,0
DA:1229,0
DA:1231,0
DA:1234,0
DA:1251,0
DA:1261,0
DA:1262,0
DA:1267,0
DA:1272,0
DA:1273,0
DA:1275,0
DA:1276,0
DA:1277,0
DA:1278,0
DA:1281,0
DA:1282,0
DA:1283,0
DA:1290,0
DA:1295,0
DA:1296,0
DA:1303,0
DA:1311,0
DA:1313,0
DA:1324,0
DA:1325,0
DA:1330,0
DA:1335,0
DA:1336,0
DA:1338,0
DA:1339,0
DA:1340,0
DA:1343,0
DA:1348,0
DA:1349,0
DA:1356,0
DA:1358,0
DA:1365,0
DA:1367,0
DA:1373,0
DA:1374,0
DA:1379,0
DA:1384,0
DA:1385,0
DA:1388,0
DA:1398,0
DA:1399,0
DA:1403,0
DA:1404,0
DA:1405,0
DA:1406,0
DA:1407,0
DA:1408,0
DA:1409,0
DA:1411,0
DA:1416,0
DA:1417,0
DA:1418,0
DA:1419,0
DA:1420,0
DA:1421,0
DA:1422,0
DA:1425,0
DA:1427,0
DA:1428,0
DA:1429,0
DA:1435,0
DA:1436,0
DA:1439,0
DA:1440,0
DA:1441,0
DA:1444,0
DA:1445,0
DA:1447,0
DA:1448,0
DA:1454,0
DA:1457,0
DA:1458,0
DA:1467,0
DA:1468,0
DA:1469,0
DA:1470,0
DA:1471,0
DA:1474,0
DA:1475,0
DA:1478,0
DA:1480,0
DA:1481,0
DA:1482,0
DA:1483,0
DA:1484,0
DA:1491,0
DA:1492,0
DA:1495,0
DA:1496,0
DA:1497,0
DA:1498,0
DA:1502,0
DA:1505,0
DA:1507,0
DA:1508,0
DA:1516,0
DA:1517,0
DA:1518,0
DA:1519,0
DA:1525,0
DA:1526,0
DA:1528,0
DA:1531,0
DA:1536,0
DA:1537,0
DA:1547,0
DA:1557,0
DA:1558,0
LF:452
LH:0
BRDA:13,0,0,0
BRDA:13,0,1,0
BRDA:28,1,0,0
BRDA:28,1,1,0
BRDA:28,1,2,0
BRDA:28,1,3,0
BRDA:33,2,0,0
BRDA:33,2,1,0
BRDA:33,3,0,0
BRDA:33,3,1,0
BRDA:33,3,2,0
BRDA:59,4,0,0
BRDA:65,5,0,0
BRDA:65,5,1,0
BRDA:65,6,0,0
BRDA:65,6,1,0
BRDA:78,7,0,0
BRDA:78,7,1,0
BRDA:87,8,0,0
BRDA:87,8,1,0
BRDA:92,9,0,0
BRDA:92,9,1,0
BRDA:92,10,0,0
BRDA:92,10,1,0
BRDA:92,10,2,0
BRDA:103,11,0,0
BRDA:103,11,1,0
BRDA:110,12,0,0
BRDA:110,12,1,0
BRDA:117,13,0,0
BRDA:117,13,1,0
BRDA:117,14,0,0
BRDA:117,14,1,0
BRDA:138,15,0,0
BRDA:138,15,1,0
BRDA:140,16,0,0
BRDA:140,16,1,0
BRDA:202,17,0,0
BRDA:202,17,1,0
BRDA:210,18,0,0
BRDA:210,18,1,0
BRDA:210,19,0,0
BRDA:210,19,1,0
BRDA:210,19,2,0
BRDA:210,19,3,0
BRDA:226,20,0,0
BRDA:226,20,1,0
BRDA:237,21,0,0
BRDA:237,21,1,0
BRDA:242,22,0,0
BRDA:242,22,1,0
BRDA:242,23,0,0
BRDA:242,23,1,0
BRDA:242,23,2,0
BRDA:251,24,0,0
BRDA:251,24,1,0
BRDA:253,25,0,0
BRDA:253,25,1,0
BRDA:253,26,0,0
BRDA:253,26,1,0
BRDA:266,27,0,0
BRDA:266,27,1,0
BRDA:266,28,0,0
BRDA:266,28,1,0
BRDA:275,29,0,0
BRDA:275,29,1,0
BRDA:281,30,0,0
BRDA:281,30,1,0
BRDA:281,30,2,0
BRDA:282,31,0,0
BRDA:282,31,1,0
BRDA:283,32,0,0
BRDA:283,32,1,0
BRDA:284,33,0,0
BRDA:284,33,1,0
BRDA:285,34,0,0
BRDA:285,34,1,0
BRDA:349,35,0,0
BRDA:349,35,1,0
BRDA:371,36,0,0
BRDA:371,36,1,0
BRDA:371,37,0,0
BRDA:371,37,1,0
BRDA:384,38,0,0
BRDA:384,38,1,0
BRDA:397,39,0,0
BRDA:397,39,1,0
BRDA:404,40,0,0
BRDA:404,40,1,0
BRDA:421,41,0,0
BRDA:421,41,1,0
BRDA:423,42,0,0
BRDA:423,42,1,0
BRDA:424,43,0,0
BRDA:424,43,1,0
BRDA:482,44,0,0
BRDA:482,44,1,0
BRDA:493,45,0,0
BRDA:493,45,1,0
BRDA:498,46,0,0
BRDA:498,46,1,0
BRDA:498,47,0,0
BRDA:498,47,1,0
BRDA:498,47,2,0
BRDA:526,48,0,0
BRDA:526,48,1,0
BRDA:559,49,0,0
BRDA:559,49,1,0
BRDA:559,50,0,0
BRDA:559,50,1,0
BRDA:559,50,2,0
BRDA:559,50,3,0
BRDA:559,50,4,0
BRDA:589,51,0,0
BRDA:589,51,1,0
BRDA:589,52,0,0
BRDA:589,52,1,0
BRDA:589,52,2,0
BRDA:589,52,3,0
BRDA:589,52,4,0
BRDA:592,53,0,0
BRDA:592,53,1,0
BRDA:592,53,2,0
BRDA:592,53,3,0
BRDA:598,54,0,0
BRDA:598,54,1,0
BRDA:670,55,0,0
BRDA:670,55,1,0
BRDA:678,56,0,0
BRDA:678,56,1,0
BRDA:678,57,0,0
BRDA:678,57,1,0
BRDA:687,58,0,0
BRDA:687,58,1,0
BRDA:687,59,0,0
BRDA:687,59,1,0
BRDA:752,60,0,0
BRDA:752,60,1,0
BRDA:791,61,0,0
BRDA:791,61,1,0
BRDA:798,62,0,0
BRDA:798,62,1,0
BRDA:798,62,2,0
BRDA:801,63,0,0
BRDA:801,63,1,0
BRDA:803,64,0,0
BRDA:803,64,1,0
BRDA:805,65,0,0
BRDA:805,65,1,0
BRDA:812,66,0,0
BRDA:812,66,1,0
BRDA:812,67,0,0
BRDA:812,67,1,0
BRDA:814,68,0,0
BRDA:814,68,1,0
BRDA:821,69,0,0
BRDA:821,69,1,0
BRDA:822,70,0,0
BRDA:822,70,1,0
BRDA:824,71,0,0
BRDA:824,71,1,0
BRDA:826,72,0,0
BRDA:826,72,1,0
BRDA:840,73,0,0
BRDA:840,73,1,0
BRDA:843,74,0,0
BRDA:843,74,1,0
BRDA:856,75,0,0
BRDA:856,75,1,0
BRDA:859,76,0,0
BRDA:859,76,1,0
BRDA:859,77,0,0
BRDA:859,77,1,0
BRDA:874,78,0,0
BRDA:874,78,1,0
BRDA:875,79,0,0
BRDA:875,79,1,0
BRDA:877,80,0,0
BRDA:877,80,1,0
BRDA:880,81,0,0
BRDA:880,81,1,0
BRDA:884,82,0,0
BRDA:884,82,1,0
BRDA:885,83,0,0
BRDA:885,83,1,0
BRDA:886,84,0,0
BRDA:886,84,1,0
BRDA:899,85,0,0
BRDA:899,85,1,0
BRDA:911,86,0,0
BRDA:911,86,1,0
BRDA:915,87,0,0
BRDA:915,87,1,0
BRDA:915,87,2,0
BRDA:952,88,0,0
BRDA:960,89,0,0
BRDA:960,89,1,0
BRDA:969,90,0,0
BRDA:969,90,1,0
BRDA:970,91,0,0
BRDA:970,91,1,0
BRDA:970,92,0,0
BRDA:970,92,1,0
BRDA:975,93,0,0
BRDA:975,93,1,0
BRDA:975,94,0,0
BRDA:975,94,1,0
BRDA:975,94,2,0
BRDA:976,95,0,0
BRDA:976,95,1,0
BRDA:976,95,2,0
BRDA:977,96,0,0
BRDA:977,96,1,0
BRDA:979,97,0,0
BRDA:979,97,1,0
BRDA:979,98,0,0
BRDA:979,98,1,0
BRDA:981,99,0,0
BRDA:981,99,1,0
BRDA:982,100,0,0
BRDA:982,100,1,0
BRDA:982,100,2,0
BRDA:987,101,0,0
BRDA:987,101,1,0
BRDA:1000,102,0,0
BRDA:1000,102,1,0
BRDA:1013,103,0,0
BRDA:1013,103,1,0
BRDA:1020,104,0,0
BRDA:1020,104,1,0
BRDA:1020,104,2,0
BRDA:1020,104,3,0
BRDA:1020,104,4,0
BRDA:1034,105,0,0
BRDA:1034,105,1,0
BRDA:1036,106,0,0
BRDA:1036,106,1,0
BRDA:1041,107,0,0
BRDA:1041,107,1,0
BRDA:1059,108,0,0
BRDA:1059,108,1,0
BRDA:1060,109,0,0
BRDA:1060,109,1,0
BRDA:1060,110,0,0
BRDA:1060,110,1,0
BRDA:1062,111,0,0
BRDA:1062,111,1,0
BRDA:1074,112,0,0
BRDA:1074,112,1,0
BRDA:1076,113,0,0
BRDA:1076,113,1,0
BRDA:1078,114,0,0
BRDA:1078,114,1,0
BRDA:1095,115,0,0
BRDA:1095,115,1,0
BRDA:1096,116,0,0
BRDA:1096,116,1,0
BRDA:1117,117,0,0
BRDA:1117,117,1,0
BRDA:1174,118,0,0
BRDA:1174,118,1,0
BRDA:1224,119,0,0
BRDA:1224,119,1,0
BRDA:1282,120,0,0
BRDA:1282,120,1,0
BRDA:1282,121,0,0
BRDA:1282,121,1,0
BRDA:1295,122,0,0
BRDA:1295,122,1,0
BRDA:1348,123,0,0
BRDA:1348,123,1,0
BRDA:1356,124,0,0
BRDA:1356,124,1,0
BRDA:1356,125,0,0
BRDA:1356,125,1,0
BRDA:1399,126,0,0
BRDA:1399,126,1,0
BRDA:1399,126,2,0
BRDA:1399,126,3,0
BRDA:1399,126,4,0
BRDA:1403,127,0,0
BRDA:1403,127,1,0
BRDA:1403,128,0,0
BRDA:1403,128,1,0
BRDA:1409,129,0,0
BRDA:1409,129,1,0
BRDA:1427,130,0,0
BRDA:1427,130,1,0
BRDA:1444,131,0,0
BRDA:1444,131,1,0
BRDA:1467,132,0,0
BRDA:1467,132,1,0
BRDA:1482,133,0,0
BRDA:1482,133,1,0
BRDA:1497,134,0,0
BRDA:1497,134,1,0
BRDA:1518,135,0,0
BRDA:1518,135,1,0
BRDA:1536,136,0,0
BRDA:1536,136,1,0
BRDA:1549,137,0,0
BRDA:1549,137,1,0
BRF:302
BRH:0
end_of_record
TN:
SF:controllers\kpiController.js
FN:6,(anonymous_0)
FN:61,(anonymous_1)
FN:127,(anonymous_2)
FN:179,(anonymous_3)
FN:189,(anonymous_4)
FN:218,(anonymous_5)
FN:250,(anonymous_6)
FN:333,(anonymous_7)
FN:398,(anonymous_8)
FN:403,(anonymous_9)
FNF:10
FNH:0
FNDA:0,(anonymous_0)
FNDA:0,(anonymous_1)
FNDA:0,(anonymous_2)
FNDA:0,(anonymous_3)
FNDA:0,(anonymous_4)
FNDA:0,(anonymous_5)
FNDA:0,(anonymous_6)
FNDA:0,(anonymous_7)
FNDA:0,(anonymous_8)
FNDA:0,(anonymous_9)
DA:6,0
DA:7,0
DA:8,0
DA:9,0
DA:11,0
DA:12,0
DA:14,0
DA:15,0
DA:16,0
DA:19,0
DA:38,0
DA:40,0
DA:51,0
DA:52,0
DA:54,0
DA:61,0
DA:62,0
DA:63,0
DA:64,0
DA:66,0
DA:67,0
DA:69,0
DA:70,0
DA:71,0
DA:74,0
DA:99,0
DA:100,0
DA:101,0
DA:102,0
DA:103,0
DA:104,0
DA:106,0
DA:117,0
DA:118,0
DA:120,0
DA:127,0
DA:128,0
DA:129,0
DA:130,0
DA:132,0
DA:133,0
DA:135,0
DA:136,0
DA:137,0
DA:140,0
DA:151,0
DA:152,0
DA:153,0
DA:154,0
DA:155,0
DA:156,0
DA:158,0
DA:169,0
DA:170,0
DA:172,0
DA:179,0
DA:180,0
DA:181,0
DA:183,0
DA:184,0
DA:187,0
DA:190,0
DA:191,0
DA:193,0
DA:194,0
DA:195,0
DA:198,0
DA:214,0
DA:219,0
DA:220,0
DA:222,0
DA:223,0
DA:224,0
DA:227,0
DA:246,0
DA:251,0
DA:252,0
DA:254,0
DA:255,0
DA:256,0
DA:259,0
DA:268,0
DA:273,0
DA:274,0
DA:275,0
DA:278,0
DA:279,0
DA:280,0
DA:281,0
DA:284,0
DA:285,0
DA:286,0
DA:287,0
DA:289,0
DA:313,0
DA:314,0
DA:320,0
DA:326,0
DA:333,0
DA:334,0
DA:335,0
DA:336,0
DA:338,0
DA:344,0
DA:345,0
DA:348,0
DA:367,0
DA:370,0
DA:393,0
DA:395,0
DA:398,0
DA:404,0
DA:405,0
DA:406,0
DA:416,0
DA:417,0
DA:419,0
LF:117
LH:0
BRDA:14,0,0,0
BRDA:14,0,1,0
BRDA:14,1,0,0
BRDA:14,1,1,0
BRDA:34,2,0,0
BRDA:34,2,1,0
BRDA:43,3,0,0
BRDA:43,3,1,0
BRDA:44,4,0,0
BRDA:44,4,1,0
BRDA:45,5,0,0
BRDA:45,5,1,0
BRDA:46,6,0,0
BRDA:46,6,1,0
BRDA:47,7,0,0
BRDA:47,7,1,0
BRDA:69,8,0,0
BRDA:69,8,1,0
BRDA:69,9,0,0
BRDA:69,9,1,0
BRDA:101,10,0,0
BRDA:101,10,1,0
BRDA:102,11,0,0
BRDA:102,11,1,0
BRDA:103,12,0,0
BRDA:103,12,1,0
BRDA:104,13,0,0
BRDA:104,13,1,0
BRDA:135,14,0,0
BRDA:135,14,1,0
BRDA:135,15,0,0
BRDA:135,15,1,0
BRDA:146,16,0,0
BRDA:146,16,1,0
BRDA:153,17,0,0
BRDA:153,17,1,0
BRDA:154,18,0,0
BRDA:154,18,1,0
BRDA:155,19,0,0
BRDA:155,19,1,0
BRDA:156,20,0,0
BRDA:156,20,1,0
BRDA:184,21,0,0
BRDA:184,21,1,0
BRDA:184,21,2,0
BRDA:184,21,3,0
BRDA:193,22,0,0
BRDA:193,22,1,0
BRDA:210,23,0,0
BRDA:210,23,1,0
BRDA:222,24,0,0
BRDA:222,24,1,0
BRDA:254,25,0,0
BRDA:254,25,1,0
BRDA:264,26,0,0
BRDA:264,26,1,0
BRDA:274,27,0,0
BRDA:274,27,1,0
BRDA:275,28,0,0
BRDA:275,28,1,0
BRDA:279,29,0,0
BRDA:279,29,1,0
BRDA:280,30,0,0
BRDA:280,30,1,0
BRDA:281,31,0,0
BRDA:281,31,1,0
BRDA:285,32,0,0
BRDA:285,32,1,0
BRDA:286,33,0,0
BRDA:286,33,1,0
BRDA:287,34,0,0
BRDA:287,34,1,0
BRDA:323,35,0,0
BRDA:323,35,1,0
BRDA:336,36,0,0
BRDA:336,37,0,0
BRDA:344,38,0,0
BRDA:344,38,1,0
BRDA:345,39,0,0
BRDA:345,39,1,0
BRDA:400,40,0,0
BRDA:400,40,1,0
BRDA:401,41,0,0
BRDA:401,41,1,0
BRDA:404,42,0,0
BRDA:404,42,1,0
BRDA:405,43,0,0
BRDA:405,43,1,0
BRDA:408,44,0,0
BRDA:408,44,1,0
BRF:90
BRH:0
end_of_record
TN:
SF:controllers\mdtController.js
FN:4,(anonymous_0)
FN:126,(anonymous_1)
FN:153,(anonymous_2)
FN:194,(anonymous_3)
FN:221,(anonymous_4)
FN:254,(anonymous_5)
FN:309,(anonymous_6)
FN:339,(anonymous_7)
FN:372,(anonymous_8)
FN:456,(anonymous_9)
FN:476,(anonymous_10)
FN:546,(anonymous_11)
FN:578,(anonymous_12)
FN:617,(anonymous_13)
FN:680,(anonymous_14)
FN:728,(anonymous_15)
FN:805,(anonymous_16)
FNF:17
FNH:0
FNDA:0,(anonymous_0)
FNDA:0,(anonymous_1)
FNDA:0,(anonymous_2)
FNDA:0,(anonymous_3)
FNDA:0,(anonymous_4)
FNDA:0,(anonymous_5)
FNDA:0,(anonymous_6)
FNDA:0,(anonymous_7)
FNDA:0,(anonymous_8)
FNDA:0,(anonymous_9)
FNDA:0,(anonymous_10)
FNDA:0,(anonymous_11)
FNDA:0,(anonymous_12)
FNDA:0,(anonymous_13)
FNDA:0,(anonymous_14)
FNDA:0,(anonymous_15)
FNDA:0,(anonymous_16)
DA:4,0
DA:5,0
DA:7,0
DA:8,0
DA:15,0
DA:16,0
DA:19,0
DA:20,0
DA:27,0
DA:32,0
DA:33,0
DA:40,0
DA:45,0
DA:46,0
DA:47,0
DA:54,0
DA:57,0
DA:65,0
DA:68,0
DA:69,0
DA:70,0
DA:73,0
DA:79,0
DA:84,0
DA:91,0
DA:94,0
DA:110,0
DA:126,0
DA:140,0
DA:141,0
DA:142,0
DA:148,0
DA:153,0
DA:154,0
DA:156,0
DA:157,0
DA:160,0
DA:165,0
DA:166,0
DA:173,0
DA:193,0
DA:195,0
DA:210,0
DA:221,0
DA:233,0
DA:243,0
DA:244,0
DA:249,0
DA:254,0
DA:255,0
DA:257,0
DA:258,0
DA:261,0
DA:281,0
DA:282,0
DA:284,0
DA:285,0
DA:286,0
DA:289,0
DA:290,0
DA:291,0
DA:294,0
DA:295,0
DA:296,0
DA:299,0
DA:300,0
DA:303,0
DA:305,0
DA:308,0
DA:310,0
DA:324,0
DA:339,0
DA:351,0
DA:361,0
DA:362,0
DA:367,0
DA:372,0
DA:373,0
DA:374,0
DA:375,0
DA:377,0
DA:400,0
DA:401,0
DA:404,0
DA:406,0
DA:422,0
DA:423,0
DA:424,0
DA:426,0
DA:429,0
DA:456,0
DA:466,0
DA:468,0
DA:469,0
DA:471,0
DA:476,0
DA:477,0
DA:478,0
DA:479,0
DA:482,0
DA:483,0
DA:484,0
DA:485,0
DA:486,0
DA:487,0
DA:488,0
DA:490,0
DA:491,0
DA:492,0
DA:493,0
DA:494,0
DA:501,0
DA:502,0
DA:503,0
DA:504,0
DA:506,0
DA:508,0
DA:509,0
DA:536,0
DA:538,0
DA:539,0
DA:540,0
DA:541,0
DA:544,0
DA:545,0
DA:547,0
DA:562,0
DA:578,0
DA:590,0
DA:591,0
DA:596,0
DA:598,0
DA:599,0
DA:600,0
DA:601,0
DA:602,0
DA:603,0
DA:609,0
DA:610,0
DA:611,0
DA:617,0
DA:618,0
DA:620,0
DA:621,0
DA:622,0
DA:623,0
DA:625,0
DA:626,0
DA:633,0
DA:638,0
DA:639,0
DA:646,0
DA:654,0
DA:656,0
DA:669,0
DA:670,0
DA:675,0
DA:680,0
DA:681,0
DA:683,0
DA:684,0
DA:685,0
DA:688,0
DA:693,0
DA:694,0
DA:701,0
DA:702,0
DA:709,0
DA:711,0
DA:717,0
DA:718,0
DA:723,0
DA:728,0
DA:729,0
DA:730,0
DA:731,0
DA:732,0
DA:734,0
DA:735,0
DA:742,0
DA:746,0
DA:747,0
DA:751,0
DA:752,0
DA:753,0
DA:754,0
DA:755,0
DA:756,0
DA:758,0
DA:759,0
DA:766,0
DA:770,0
DA:781,0
DA:782,0
DA:797,0
DA:798,0
DA:800,0
DA:805,0
DA:806,0
DA:807,0
DA:808,0
DA:820,0
DA:823,0
DA:827,0
DA:828,0
DA:832,0
DA:846,0
DA:855,0
DA:857,0
DA:858,0
DA:859,0
DA:861,0
DA:863,0
DA:890,0
DA:891,0
DA:893,0
LF:216
LH:0
BRDA:12,0,0,0
BRDA:13,1,0,0
BRDA:14,2,0,0
BRDA:19,3,0,0
BRDA:19,3,1,0
BRDA:19,4,0,0
BRDA:19,4,1,0
BRDA:32,5,0,0
BRDA:32,5,1,0
BRDA:46,6,0,0
BRDA:46,6,1,0
BRDA:69,7,0,0
BRDA:69,7,1,0
BRDA:69,8,0,0
BRDA:69,8,1,0
BRDA:77,9,0,0
BRDA:77,9,1,0
BRDA:77,10,0,0
BRDA:77,10,1,0
BRDA:129,11,0,0
BRDA:129,11,1,0
BRDA:129,12,0,0
BRDA:129,12,1,0
BRDA:145,13,0,0
BRDA:145,13,1,0
BRDA:165,14,0,0
BRDA:165,14,1,0
BRDA:223,15,0,0
BRDA:223,15,1,0
BRDA:223,16,0,0
BRDA:223,16,1,0
BRDA:284,17,0,0
BRDA:284,17,1,0
BRDA:289,18,0,0
BRDA:289,18,1,0
BRDA:294,19,0,0
BRDA:294,19,1,0
BRDA:299,20,0,0
BRDA:299,20,1,0
BRDA:400,21,0,0
BRDA:400,21,1,0
BRDA:424,22,0,0
BRDA:424,22,1,0
BRDA:424,23,0,0
BRDA:424,23,1,0
BRDA:437,24,0,0
BRDA:437,24,1,0
BRDA:438,25,0,0
BRDA:438,25,1,0
BRDA:439,26,0,0
BRDA:439,26,1,0
BRDA:440,27,0,0
BRDA:440,27,1,0
BRDA:441,28,0,0
BRDA:441,28,1,0
BRDA:442,29,0,0
BRDA:442,29,1,0
BRDA:443,30,0,0
BRDA:443,30,1,0
BRDA:444,31,0,0
BRDA:444,31,1,0
BRDA:445,32,0,0
BRDA:445,32,1,0
BRDA:446,33,0,0
BRDA:446,33,1,0
BRDA:458,34,0,0
BRDA:458,34,1,0
BRDA:458,35,0,0
BRDA:458,35,1,0
BRDA:580,36,0,0
BRDA:580,36,1,0
BRDA:580,37,0,0
BRDA:580,37,1,0
BRDA:606,38,0,0
BRDA:606,38,1,0
BRDA:609,39,0,0
BRDA:609,39,1,0
BRDA:625,40,0,0
BRDA:625,40,1,0
BRDA:638,41,0,0
BRDA:638,41,1,0
BRDA:693,42,0,0
BRDA:693,42,1,0
BRDA:701,43,0,0
BRDA:701,43,1,0
BRDA:701,44,0,0
BRDA:701,44,1,0
BRDA:734,45,0,0
BRDA:734,45,1,0
BRDA:734,46,0,0
BRDA:734,46,1,0
BRDA:746,47,0,0
BRDA:746,47,1,0
BRDA:752,48,0,0
BRDA:752,48,1,0
BRDA:754,49,0,0
BRDA:754,49,1,0
BRDA:755,50,0,0
BRDA:755,50,1,0
BRDA:756,51,0,0
BRDA:756,51,1,0
BRDA:758,52,0,0
BRDA:758,52,1,0
BRDA:758,53,0,0
BRDA:758,53,1,0
BRDA:778,54,0,0
BRDA:778,54,1,0
BRDA:810,55,0,0
BRDA:811,56,0,0
BRDA:812,57,0,0
BRDA:813,58,0,0
BRDA:814,59,0,0
BRDA:815,60,0,0
BRDA:816,61,0,0
BRDA:817,62,0,0
BRDA:818,63,0,0
BRDA:819,64,0,0
BRDA:820,65,0,0
BRDA:820,65,1,0
BRDA:827,66,0,0
BRDA:827,66,1,0
BRDA:859,67,0,0
BRDA:859,67,1,0
BRDA:859,68,0,0
BRDA:859,68,1,0
BRDA:876,69,0,0
BRDA:876,69,1,0
BRDA:877,70,0,0
BRDA:877,70,1,0
BRDA:878,71,0,0
BRDA:878,71,1,0
BRDA:879,72,0,0
BRDA:879,72,1,0
BRDA:880,73,0,0
BRDA:880,73,1,0
BRDA:881,74,0,0
BRDA:881,74,1,0
BRDA:882,75,0,0
BRDA:882,75,1,0
BRDA:883,76,0,0
BRDA:883,76,1,0
BRDA:884,77,0,0
BRDA:884,77,1,0
BRDA:885,78,0,0
BRDA:885,78,1,0
BRF:145
BRH:0
end_of_record
TN:
SF:controllers\notesController.js
FN:4,(anonymous_0)
FN:86,(anonymous_1)
FN:134,(anonymous_2)
FN:171,(anonymous_3)
FN:243,(anonymous_4)
FNF:5
FNH:0
FNDA:0,(anonymous_0)
FNDA:0,(anonymous_1)
FNDA:0,(anonymous_2)
FNDA:0,(anonymous_3)
FNDA:0,(anonymous_4)
DA:4,0
DA:5,0
DA:7,0
DA:8,0
DA:9,0
DA:10,0
DA:11,0
DA:12,0
DA:15,0
DA:16,0
DA:23,0
DA:28,0
DA:29,0
DA:35,0
DA:38,0
DA:43,0
DA:48,0
DA:56,0
DA:58,0
DA:75,0
DA:76,0
DA:81,0
DA:86,0
DA:87,0
DA:89,0
DA:90,0
DA:91,0
DA:92,0
DA:95,0
DA:100,0
DA:101,0
DA:108,0
DA:123,0
DA:126,0
DA:131,0
DA:134,0
DA:145,0
DA:160,0
DA:161,0
DA:166,0
DA:171,0
DA:172,0
DA:174,0
DA:175,0
DA:176,0
DA:177,0
DA:178,0
DA:181,0
DA:182,0
DA:189,0
DA:194,0
DA:195,0
DA:202,0
DA:203,0
DA:210,0
DA:218,0
DA:220,0
DA:232,0
DA:233,0
DA:238,0
DA:243,0
DA:244,0
DA:246,0
DA:247,0
DA:248,0
DA:251,0
DA:256,0
DA:257,0
DA:264,0
DA:265,0
DA:272,0
DA:274,0
DA:280,0
DA:281,0
DA:286,0
LF:75
LH:0
BRDA:9,0,0,0
BRDA:10,1,0,0
BRDA:10,1,1,0
BRDA:15,2,0,0
BRDA:15,2,1,0
BRDA:15,3,0,0
BRDA:15,3,1,0
BRDA:28,4,0,0
BRDA:28,4,1,0
BRDA:43,5,0,0
BRDA:43,5,1,0
BRDA:91,6,0,0
BRDA:91,7,0,0
BRDA:100,8,0,0
BRDA:100,8,1,0
BRDA:177,9,0,0
BRDA:177,9,1,0
BRDA:181,10,0,0
BRDA:181,10,1,0
BRDA:181,11,0,0
BRDA:181,11,1,0
BRDA:194,12,0,0
BRDA:194,12,1,0
BRDA:202,13,0,0
BRDA:202,13,1,0
BRDA:202,14,0,0
BRDA:202,14,1,0
BRDA:256,15,0,0
BRDA:256,15,1,0
BRDA:264,16,0,0
BRDA:264,16,1,0
BRDA:264,17,0,0
BRDA:264,17,1,0
BRF:33
BRH:0
end_of_record
TN:
SF:controllers\nursesController.js
FN:8,(anonymous_0)
FN:42,(anonymous_1)
FN:79,(anonymous_2)
FN:197,(anonymous_3)
FN:301,(anonymous_4)
FNF:5
FNH:0
FNDA:0,(anonymous_0)
FNDA:0,(anonymous_1)
FNDA:0,(anonymous_2)
FNDA:0,(anonymous_3)
FNDA:0,(anonymous_4)
DA:8,0
DA:9,0
DA:11,0
DA:12,0
DA:14,0
DA:23,0
DA:25,0
DA:31,0
DA:32,0
DA:37,0
DA:42,0
DA:43,0
DA:45,0
DA:46,0
DA:48,0
DA:56,0
DA:57,0
DA:63,0
DA:68,0
DA:69,0
DA:74,0
DA:79,0
DA:80,0
DA:82,0
DA:83,0
DA:85,0
DA:86,0
DA:87,0
DA:88,0
DA:95,0
DA:98,0
DA:103,0
DA:104,0
DA:105,0
DA:112,0
DA:113,0
DA:118,0
DA:119,0
DA:120,0
DA:128,0
DA:129,0
DA:130,0
DA:133,0
DA:140,0
DA:143,0
DA:144,0
DA:147,0
DA:153,0
DA:154,0
DA:155,0
DA:156,0
DA:158,0
DA:161,0
DA:163,0
DA:178,0
DA:179,0
DA:180,0
DA:181,0
DA:186,0
DA:192,0
DA:197,0
DA:198,0
DA:200,0
DA:201,0
DA:203,0
DA:204,0
DA:205,0
DA:206,0
DA:213,0
DA:214,0
DA:217,0
DA:222,0
DA:223,0
DA:224,0
DA:230,0
DA:231,0
DA:234,0
DA:235,0
DA:240,0
DA:241,0
DA:242,0
DA:250,0
DA:251,0
DA:256,0
DA:257,0
DA:258,0
DA:266,0
DA:274,0
DA:276,0
DA:282,0
DA:283,0
DA:284,0
DA:285,0
DA:290,0
DA:296,0
DA:301,0
DA:302,0
DA:304,0
DA:305,0
DA:307,0
DA:314,0
DA:315,0
DA:321,0
DA:326,0
DA:327,0
DA:332,0
LF:106
LH:0
BRDA:12,0,0,0
BRDA:56,1,0,0
BRDA:56,1,1,0
BRDA:86,2,0,0
BRDA:86,2,1,0
BRDA:103,3,0,0
BRDA:103,3,1,0
BRDA:112,4,0,0
BRDA:112,4,1,0
BRDA:118,5,0,0
BRDA:118,5,1,0
BRDA:137,6,0,0
BRDA:137,6,1,0
BRDA:165,7,0,0
BRDA:165,7,1,0
BRDA:180,8,0,0
BRDA:180,8,1,0
BRDA:204,9,0,0
BRDA:204,9,1,0
BRDA:222,10,0,0
BRDA:222,10,1,0
BRDA:231,11,0,0
BRDA:231,11,1,0
BRDA:234,12,0,0
BRDA:234,12,1,0
BRDA:234,13,0,0
BRDA:234,13,1,0
BRDA:240,14,0,0
BRDA:240,14,1,0
BRDA:250,15,0,0
BRDA:250,15,1,0
BRDA:253,16,0,0
BRDA:253,16,1,0
BRDA:256,17,0,0
BRDA:256,17,1,0
BRDA:272,18,0,0
BRDA:272,18,1,0
BRDA:284,19,0,0
BRDA:284,19,1,0
BRDA:314,20,0,0
BRDA:314,20,1,0
BRF:41
BRH:0
end_of_record
TN:
SF:controllers\patientController.js
FN:12,(anonymous_0)
FN:32,(anonymous_1)
FN:86,(anonymous_2)
FN:132,(anonymous_3)
FN:139,(anonymous_4)
FN:147,(anonymous_5)
FN:164,(anonymous_6)
FN:175,(anonymous_7)
FN:194,(anonymous_8)
FN:213,(anonymous_9)
FN:257,(anonymous_10)
FN:660,(anonymous_11)
FN:699,(anonymous_12)
FN:699,(anonymous_13)
FN:850,(anonymous_14)
FN:862,(anonymous_15)
FN:872,(anonymous_16)
FN:1002,(anonymous_17)
FN:1234,(anonymous_18)
FN:1242,(anonymous_19)
FN:1344,(anonymous_20)
FN:1470,(anonymous_21)
FN:1509,(anonymous_22)
FN:1697,(anonymous_23)
FN:1814,(anonymous_24)
FN:1877,(anonymous_25)
FN:2094,(anonymous_26)
FN:2095,(anonymous_27)
FN:2132,(anonymous_28)
FN:2161,(anonymous_29)
FN:2500,(anonymous_30)
FN:2663,(anonymous_31)
FN:2800,(anonymous_32)
FN:2861,(anonymous_33)
FN:2903,(anonymous_34)
FN:3083,(anonymous_35)
FN:3084,(anonymous_36)
FN:3085,(anonymous_37)
FN:3086,(anonymous_38)
FN:3125,(anonymous_39)
FN:3184,(anonymous_40)
FN:3196,(anonymous_41)
FN:3201,(anonymous_42)
FN:3202,(anonymous_43)
FN:3217,(anonymous_44)
FNF:45
FNH:9
FNDA:0,(anonymous_0)
FNDA:0,(anonymous_1)
FNDA:0,(anonymous_2)
FNDA:28,(anonymous_3)
FNDA:18,(anonymous_4)
FNDA:11,(anonymous_5)
FNDA:47,(anonymous_6)
FNDA:29,(anonymous_7)
FNDA:28,(anonymous_8)
FNDA:18,(anonymous_9)
FNDA:25,(anonymous_10)
FNDA:0,(anonymous_11)
FNDA:0,(anonymous_12)
FNDA:0,(anonymous_13)
FNDA:0,(anonymous_14)
FNDA:0,(anonymous_15)
FNDA:0,(anonymous_16)
FNDA:0,(anonymous_17)
FNDA:0,(anonymous_18)
FNDA:0,(anonymous_19)
FNDA:1,(anonymous_20)
FNDA:0,(anonymous_21)
FNDA:0,(anonymous_22)
FNDA:0,(anonymous_23)
FNDA:0,(anonymous_24)
FNDA:0,(anonymous_25)
FNDA:0,(anonymous_26)
FNDA:0,(anonymous_27)
FNDA:0,(anonymous_28)
FNDA:0,(anonymous_29)
FNDA:0,(anonymous_30)
FNDA:0,(anonymous_31)
FNDA:0,(anonymous_32)
FNDA:0,(anonymous_33)
FNDA:0,(anonymous_34)
FNDA:0,(anonymous_35)
FNDA:0,(anonymous_36)
FNDA:0,(anonymous_37)
FNDA:0,(anonymous_38)
FNDA:0,(anonymous_39)
FNDA:0,(anonymous_40)
FNDA:0,(anonymous_41)
FNDA:0,(anonymous_42)
FNDA:0,(anonymous_43)
FNDA:0,(anonymous_44)
DA:12,8
DA:13,0
DA:15,0
DA:24,0
DA:27,0
DA:28,0
DA:32,0
DA:33,0
DA:34,0
DA:37,0
DA:45,0
DA:52,0
DA:53,0
DA:57,0
DA:59,0
DA:66,0
DA:69,0
DA:70,0
DA:73,0
DA:75,0
DA:76,0
DA:86,8
DA:97,0
DA:99,0
DA:118,0
DA:126,0
DA:127,0
DA:132,8
DA:133,28
DA:134,28
DA:135,28
DA:139,8
DA:140,18
DA:147,8
DA:148,11
DA:149,9
DA:155,9
DA:156,9
DA:157,6
DA:160,5
DA:164,8
DA:165,47
DA:166,10
DA:167,10
DA:169,2
DA:170,2
DA:175,8
DA:176,29
DA:177,5
DA:181,5
DA:182,3
DA:190,2
DA:194,8
DA:195,28
DA:196,24
DA:200,24
DA:201,3
DA:209,21
DA:213,8
DA:215,18
DA:216,0
DA:220,18
DA:221,18
DA:222,0
DA:226,18
DA:227,15
DA:231,3
DA:232,1
DA:233,1
DA:234,1
DA:235,1
DA:239,2
DA:241,1
DA:242,1
DA:243,1
DA:244,1
DA:245,1
DA:249,1
DA:250,1
DA:251,1
DA:252,1
DA:253,1
DA:257,8
DA:258,25
DA:260,25
DA:298,25
DA:302,25
DA:303,25
DA:304,12
DA:305,12
DA:306,12
DA:307,12
DA:309,12
DA:314,25
DA:315,1
DA:319,24
DA:320,1
DA:324,23
DA:325,3
DA:326,1
DA:332,2
DA:333,2
DA:334,1
DA:342,21
DA:343,21
DA:344,1
DA:348,20
DA:349,20
DA:350,1
DA:355,19
DA:356,19
DA:357,19
DA:359,19
DA:360,28
DA:361,28
DA:366,28
DA:367,18
DA:369,28
DA:372,19
DA:373,1
DA:378,18
DA:379,18
DA:381,1
DA:382,17
DA:384,1
DA:388,18
DA:389,18
DA:391,2
DA:395,2
DA:396,2
DA:397,2
DA:398,2
DA:404,18
DA:406,18
DA:408,18
DA:413,18
DA:414,18
DA:416,0
DA:418,0
DA:422,0
DA:423,0
DA:425,0
DA:432,0
DA:434,0
DA:435,0
DA:438,0
DA:439,0
DA:442,0
DA:443,0
DA:447,18
DA:451,18
DA:456,18
DA:458,0
DA:459,0
DA:463,18
DA:499,16
DA:502,16
DA:503,0
DA:505,0
DA:510,0
DA:515,0
DA:516,0
DA:517,0
DA:518,0
DA:519,0
DA:520,0
DA:524,0
DA:544,0
DA:547,0
DA:552,16
DA:553,16
DA:554,16
DA:555,16
DA:556,16
DA:557,16
DA:558,16
DA:559,0
DA:564,16
DA:568,16
DA:621,2
DA:622,2
DA:623,2
DA:624,2
DA:625,2
DA:627,2
DA:628,0
DA:631,2
DA:632,2
DA:641,0
DA:645,2
DA:646,2
DA:648,2
DA:655,25
DA:660,8
DA:661,0
DA:663,0
DA:676,0
DA:678,0
DA:681,0
DA:682,0
DA:684,0
DA:686,0
DA:687,0
DA:689,0
DA:690,0
DA:692,0
DA:695,0
DA:697,0
DA:699,0
DA:700,0
DA:702,0
DA:707,0
DA:708,0
DA:709,0
DA:711,0
DA:715,0
DA:716,0
DA:717,0
DA:720,0
DA:721,0
DA:722,0
DA:723,0
DA:724,0
DA:726,0
DA:727,0
DA:733,0
DA:734,0
DA:735,0
DA:736,0
DA:738,0
DA:739,0
DA:744,0
DA:745,0
DA:746,0
DA:747,0
DA:748,0
DA:750,0
DA:751,0
DA:753,0
DA:757,0
DA:758,0
DA:759,0
DA:770,0
DA:774,0
DA:775,0
DA:776,0
DA:777,0
DA:780,0
DA:783,0
DA:788,0
DA:789,0
DA:792,0
DA:846,0
DA:847,0
DA:850,0
DA:851,0
DA:852,0
DA:853,0
DA:862,0
DA:863,0
DA:868,0
DA:872,0
DA:873,0
DA:876,0
DA:877,0
DA:880,0
DA:881,0
DA:885,0
DA:888,0
DA:893,0
DA:896,0
DA:905,0
DA:906,0
DA:907,0
DA:908,0
DA:909,0
DA:910,0
DA:911,0
DA:913,0
DA:917,0
DA:977,0
DA:991,0
DA:992,0
DA:997,0
DA:1002,8
DA:1003,0
DA:1004,0
DA:1005,0
DA:1008,0
DA:1009,0
DA:1010,0
DA:1011,0
DA:1012,0
DA:1013,0
DA:1014,0
DA:1016,0
DA:1017,0
DA:1018,0
DA:1019,0
DA:1020,0
DA:1027,0
DA:1028,0
DA:1029,0
DA:1031,0
DA:1032,0
DA:1033,0
DA:1036,0
DA:1037,0
DA:1038,0
DA:1039,0
DA:1042,0
DA:1048,0
DA:1049,0
DA:1055,0
DA:1056,0
DA:1057,0
DA:1059,0
DA:1062,0
DA:1067,0
DA:1068,0
DA:1071,0
DA:1072,0
DA:1074,0
DA:1126,0
DA:1128,0
DA:1130,0
DA:1132,0
DA:1167,0
DA:1173,0
DA:1175,0
DA:1227,0
DA:1230,0
DA:1232,0
DA:1233,0
DA:1234,0
DA:1242,0
DA:1243,0
DA:1245,0
DA:1246,0
DA:1247,0
DA:1248,0
DA:1249,0
DA:1250,0
DA:1253,0
DA:1257,0
DA:1284,0
DA:1285,0
DA:1287,0
DA:1316,0
DA:1325,0
DA:1326,0
DA:1327,0
DA:1328,0
DA:1329,0
DA:1330,0
DA:1336,0
DA:1337,0
DA:1338,0
DA:1344,8
DA:1345,1
DA:1347,1
DA:1348,1
DA:1350,1
DA:1375,1
DA:1376,1
DA:1379,0
DA:1380,0
DA:1383,0
DA:1384,0
DA:1385,0
DA:1386,0
DA:1394,0
DA:1395,0
DA:1396,0
DA:1399,0
DA:1402,0
DA:1459,0
DA:1460,0
DA:1465,1
DA:1470,8
DA:1471,0
DA:1473,0
DA:1474,0
DA:1475,0
DA:1478,0
DA:1483,0
DA:1484,0
DA:1491,0
DA:1502,0
DA:1503,0
DA:1504,0
DA:1505,0
DA:1506,0
DA:1509,0
DA:1511,0
DA:1536,0
DA:1537,0
DA:1542,0
DA:1545,0
DA:1546,0
DA:1547,0
DA:1549,0
DA:1551,0
DA:1552,0
DA:1553,0
DA:1554,0
DA:1555,0
DA:1556,0
DA:1561,0
DA:1564,0
DA:1565,0
DA:1566,0
DA:1567,0
DA:1568,0
DA:1569,0
DA:1573,0
DA:1575,0
DA:1576,0
DA:1577,0
DA:1578,0
DA:1580,0
DA:1581,0
DA:1582,0
DA:1584,0
DA:1585,0
DA:1586,0
DA:1591,0
DA:1592,0
DA:1599,0
DA:1600,0
DA:1601,0
DA:1604,0
DA:1605,0
DA:1607,0
DA:1625,0
DA:1626,0
DA:1628,0
DA:1630,0
DA:1681,0
DA:1684,0
DA:1685,0
DA:1687,0
DA:1692,0
DA:1697,8
DA:1698,0
DA:1700,0
DA:1701,0
DA:1704,0
DA:1709,0
DA:1710,0
DA:1717,0
DA:1719,0
DA:1723,0
DA:1724,0
DA:1727,0
DA:1728,0
DA:1731,0
DA:1732,0
DA:1735,0
DA:1736,0
DA:1739,0
DA:1740,0
DA:1741,0
DA:1742,0
DA:1745,0
DA:1746,0
DA:1750,0
DA:1751,0
DA:1752,0
DA:1753,0
DA:1756,0
DA:1757,0
DA:1761,0
DA:1762,0
DA:1763,0
DA:1764,0
DA:1767,0
DA:1768,0
DA:1772,0
DA:1777,0
DA:1778,0
DA:1779,0
DA:1786,0
DA:1788,0
DA:1790,0
DA:1797,0
DA:1798,0
DA:1802,0
DA:1803,0
DA:1809,0
DA:1814,8
DA:1815,0
DA:1816,0
DA:1817,0
DA:1818,0
DA:1819,0
DA:1821,0
DA:1826,0
DA:1829,0
DA:1830,0
DA:1831,0
DA:1834,0
DA:1837,0
DA:1838,0
DA:1843,0
DA:1844,0
DA:1845,0
DA:1850,0
DA:1851,0
DA:1852,0
DA:1856,0
DA:1857,0
DA:1858,0
DA:1865,0
DA:1866,0
DA:1867,0
DA:1870,0
DA:1876,0
DA:1877,0
DA:1890,0
DA:1891,0
DA:1894,0
DA:1895,0
DA:1896,0
DA:1897,0
DA:1899,0
DA:1901,0
DA:1902,0
DA:1903,0
DA:1906,0
DA:1907,0
DA:1910,0
DA:1913,0
DA:1920,0
DA:1923,0
DA:1924,0
DA:1926,0
DA:1933,0
DA:1934,0
DA:1935,0
DA:1942,0
DA:1960,0
DA:1961,0
DA:1962,0
DA:1965,0
DA:1967,0
DA:1968,0
DA:1969,0
DA:1970,0
DA:1973,0
DA:1974,0
DA:1975,0
DA:1976,0
DA:1977,0
DA:1978,0
DA:1979,0
DA:1980,0
DA:1983,0
DA:1988,0
DA:1989,0
DA:1990,0
DA:1992,0
DA:1995,0
DA:2000,0
DA:2003,0
DA:2004,0
DA:2005,0
DA:2006,0
DA:2010,0
DA:2011,0
DA:2012,0
DA:2015,0
DA:2022,0
DA:2023,0
DA:2024,0
DA:2028,0
DA:2032,0
DA:2034,0
DA:2035,0
DA:2036,0
DA:2037,0
DA:2041,0
DA:2042,0
DA:2043,0
DA:2044,0
DA:2048,0
DA:2049,0
DA:2052,0
DA:2053,0
DA:2059,0
DA:2060,0
DA:2061,0
DA:2062,0
DA:2067,0
DA:2069,0
DA:2087,0
DA:2089,0
DA:2090,0
DA:2091,0
DA:2094,0
DA:2095,0
DA:2097,0
DA:2098,0
DA:2099,0
DA:2103,0
DA:2104,0
DA:2105,0
DA:2111,0
DA:2112,0
DA:2113,0
DA:2119,0
DA:2120,0
DA:2121,0
DA:2124,0
DA:2125,0
DA:2132,0
DA:2146,0
DA:2148,0
DA:2149,0
DA:2150,0
DA:2156,0
DA:2161,8
DA:2162,0
DA:2163,0
DA:2164,0
DA:2165,0
DA:2166,0
DA:2168,0
DA:2169,0
DA:2170,0
DA:2174,0
DA:2182,0
DA:2183,0
DA:2186,0
DA:2189,0
DA:2190,0
DA:2203,0
DA:2204,0
DA:2205,0
DA:2207,0
DA:2208,0
DA:2213,0
DA:2214,0
DA:2215,0
DA:2216,0
DA:2222,0
DA:2227,0
DA:2228,0
DA:2229,0
DA:2231,0
DA:2232,0
DA:2234,0
DA:2235,0
DA:2238,0
DA:2240,0
DA:2241,0
DA:2243,0
DA:2247,0
DA:2252,0
DA:2253,0
DA:2254,0
DA:2257,0
DA:2258,0
DA:2263,0
DA:2264,0
DA:2266,0
DA:2267,0
DA:2275,0
DA:2276,0
DA:2278,0
DA:2279,0
DA:2280,0
DA:2281,0
DA:2285,0
DA:2286,0
DA:2289,0
DA:2290,0
DA:2291,0
DA:2292,0
DA:2296,0
DA:2299,0
DA:2311,0
DA:2312,0
DA:2313,0
DA:2318,0
DA:2319,0
DA:2322,0
DA:2327,0
DA:2334,0
DA:2335,0
DA:2336,0
DA:2340,0
DA:2341,0
DA:2344,0
DA:2345,0
DA:2353,0
DA:2354,0
DA:2356,0
DA:2361,0
DA:2362,0
DA:2363,0
DA:2369,0
DA:2370,0
DA:2375,0
DA:2376,0
DA:2378,0
DA:2383,0
DA:2384,0
DA:2385,0
DA:2390,0
DA:2392,0
DA:2393,0
DA:2395,0
DA:2396,0
DA:2397,0
DA:2398,0
DA:2401,0
DA:2405,0
DA:2414,0
DA:2415,0
DA:2416,0
DA:2417,0
DA:2424,0
DA:2425,0
DA:2426,0
DA:2432,0
DA:2451,0
DA:2458,0
DA:2462,0
DA:2463,0
DA:2472,0
DA:2475,0
DA:2484,0
DA:2485,0
DA:2486,0
DA:2489,0
DA:2496,0
DA:2498,0
DA:2499,0
DA:2500,0
DA:2501,0
DA:2506,0
DA:2513,0
DA:2518,0
DA:2525,0
DA:2528,0
DA:2535,0
DA:2537,0
DA:2543,0
DA:2544,0
DA:2545,0
DA:2547,0
DA:2548,0
DA:2550,0
DA:2552,0
DA:2574,0
DA:2575,0
DA:2580,0
DA:2589,0
DA:2610,0
DA:2612,0
DA:2613,0
DA:2615,0
DA:2619,0
DA:2620,0
DA:2622,0
DA:2631,0
DA:2632,0
DA:2634,0
DA:2637,0
DA:2640,0
DA:2645,0
DA:2655,0
DA:2656,0
DA:2658,0
DA:2663,8
DA:2664,0
DA:2666,0
DA:2667,0
DA:2668,0
DA:2669,0
DA:2672,0
DA:2673,0
DA:2674,0
DA:2675,0
DA:2679,0
DA:2680,0
DA:2681,0
DA:2682,0
DA:2688,0
DA:2692,0
DA:2697,0
DA:2698,0
DA:2704,0
DA:2707,0
DA:2708,0
DA:2715,0
DA:2718,0
DA:2719,0
DA:2724,0
DA:2734,0
DA:2735,0
DA:2738,0
DA:2748,0
DA:2749,0
DA:2752,0
DA:2763,0
DA:2766,0
DA:2767,0
DA:2771,0
DA:2774,0
DA:2776,0
DA:2787,0
DA:2788,0
DA:2789,0
DA:2795,0
DA:2800,8
DA:2801,0
DA:2803,0
DA:2804,0
DA:2806,0
DA:2807,0
DA:2814,0
DA:2818,0
DA:2860,0
DA:2861,0
DA:2862,0
DA:2863,0
DA:2865,0
DA:2883,0
DA:2885,0
DA:2891,0
DA:2892,0
DA:2898,0
DA:2903,8
DA:2904,0
DA:2905,0
DA:2906,0
DA:2909,0
DA:2910,0
DA:2911,0
DA:2912,0
DA:2913,0
DA:2914,0
DA:2915,0
DA:2917,0
DA:2918,0
DA:2919,0
DA:2920,0
DA:2921,0
DA:2928,0
DA:2929,0
DA:2930,0
DA:2931,0
DA:2932,0
DA:2936,0
DA:2937,0
DA:2939,0
DA:2943,0
DA:2944,0
DA:2945,0
DA:2947,0
DA:2949,0
DA:2950,0
DA:2966,0
DA:2967,0
DA:2968,0
DA:2969,0
DA:2970,0
DA:2972,0
DA:2973,0
DA:2975,0
DA:2979,0
DA:3025,0
DA:3029,0
DA:3032,0
DA:3034,0
DA:3035,0
DA:3038,0
DA:3039,0
DA:3042,0
DA:3043,0
DA:3044,0
DA:3045,0
DA:3046,0
DA:3047,0
DA:3048,0
DA:3049,0
DA:3050,0
DA:3054,0
DA:3055,0
DA:3056,0
DA:3057,0
DA:3058,0
DA:3059,0
DA:3062,0
DA:3063,0
DA:3078,0
DA:3081,0
DA:3083,0
DA:3084,0
DA:3085,0
DA:3086,0
DA:3089,0
DA:3090,0
DA:3092,0
DA:3105,0
DA:3106,0
DA:3107,0
DA:3108,0
DA:3109,0
DA:3110,0
DA:3116,0
DA:3117,0
DA:3118,0
DA:3125,8
DA:3126,0
DA:3128,0
DA:3132,0
DA:3160,0
DA:3164,0
DA:3181,0
DA:3184,0
DA:3195,0
DA:3196,0
DA:3200,0
DA:3201,0
DA:3202,0
DA:3213,0
DA:3216,0
DA:3217,0
DA:3218,0
DA:3219,0
DA:3220,0
DA:3222,0
DA:3223,0
DA:3226,0
DA:3228,0
DA:3238,0
DA:3239,0
DA:3244,0
LF:941
LH:155
BRDA:27,0,0,0
BRDA:27,0,1,0
BRDA:52,1,0,0
BRDA:52,1,1,0
BRDA:69,2,0,0
BRDA:69,2,1,0
BRDA:112,3,0,0
BRDA:112,3,1,0
BRDA:148,4,0,9
BRDA:148,4,1,2
BRDA:156,5,0,6
BRDA:156,5,1,3
BRDA:164,6,0,6
BRDA:165,7,0,37
BRDA:165,7,1,10
BRDA:176,8,0,24
BRDA:176,8,1,5
BRDA:181,9,0,3
BRDA:181,9,1,2
BRDA:195,10,0,4
BRDA:195,10,1,24
BRDA:200,11,0,3
BRDA:200,11,1,21
BRDA:215,12,0,0
BRDA:215,12,1,18
BRDA:215,13,0,18
BRDA:215,13,1,18
BRDA:215,13,2,18
BRDA:215,13,3,18
BRDA:215,13,4,18
BRDA:221,14,0,0
BRDA:221,14,1,18
BRDA:221,15,0,18
BRDA:221,15,1,18
BRDA:221,15,2,18
BRDA:221,15,3,18
BRDA:221,15,4,18
BRDA:226,16,0,15
BRDA:226,16,1,3
BRDA:231,17,0,1
BRDA:231,17,1,2
BRDA:239,18,0,1
BRDA:239,18,1,1
BRDA:239,19,0,2
BRDA:239,19,1,2
BRDA:285,20,0,24
BRDA:286,21,0,25
BRDA:302,22,0,12
BRDA:302,22,1,13
BRDA:302,23,0,25
BRDA:302,23,1,13
BRDA:302,23,2,13
BRDA:302,23,3,13
BRDA:302,23,4,12
BRDA:303,24,0,12
BRDA:303,24,1,13
BRDA:303,25,0,25
BRDA:303,25,1,13
BRDA:305,26,0,12
BRDA:305,26,1,0
BRDA:305,27,0,12
BRDA:305,27,1,12
BRDA:305,27,2,12
BRDA:314,28,0,1
BRDA:314,28,1,24
BRDA:314,29,0,25
BRDA:314,29,1,24
BRDA:314,29,2,24
BRDA:314,29,3,0
BRDA:314,29,4,24
BRDA:314,29,5,24
BRDA:319,30,0,1
BRDA:319,30,1,23
BRDA:319,31,0,24
BRDA:319,31,1,24
BRDA:324,32,0,3
BRDA:324,32,1,20
BRDA:324,33,0,23
BRDA:324,33,1,3
BRDA:325,34,0,1
BRDA:325,34,1,2
BRDA:325,35,0,3
BRDA:325,35,1,2
BRDA:333,36,0,1
BRDA:333,36,1,1
BRDA:343,37,0,1
BRDA:343,37,1,20
BRDA:349,38,0,1
BRDA:349,38,1,19
BRDA:359,39,0,47
BRDA:359,39,1,29
BRDA:366,40,0,18
BRDA:366,40,1,10
BRDA:372,41,0,1
BRDA:372,41,1,18
BRDA:379,42,0,1
BRDA:379,42,1,17
BRDA:382,43,0,1
BRDA:382,43,1,16
BRDA:389,44,0,2
BRDA:389,44,1,16
BRDA:389,45,0,18
BRDA:389,45,1,16
[...]
DA:55,0
DA:58,0
DA:59,0
DA:64,0
DA:66,0
DA:67,0
DA:68,0
DA:73,0
DA:75,0
DA:76,0
DA:77,0
DA:78,0
DA:82,0
DA:83,0
DA:85,0
DA:86,0
DA:98,0
DA:99,0
DA:100,0
DA:107,0
DA:109,0
DA:110,0
DA:117,0
DA:118,0
DA:119,0
DA:126,0
DA:128,0
DA:129,0
DA:136,0
DA:137,0
DA:138,0
DA:147,0
DA:148,0
DA:152,0
DA:157,0
DA:158,0
DA:161,0
DA:163,0
DA:164,0
DA:171,0
DA:172,0
DA:173,0
DA:181,0
DA:183,0
DA:184,0
DA:191,0
DA:192,0
DA:193,0
DA:200,0
DA:202,0
DA:203,0
DA:210,0
DA:211,0
DA:212,0
DA:218,0
DA:219,0
DA:220,0
DA:222,0
DA:235,0
DA:237,0
LF:84
LH:0
BRDA:23,0,0,0
BRDA:23,0,1,0
BRDA:26,1,0,0
BRDA:26,1,1,0
BRDA:34,2,0,0
BRDA:34,2,1,0
BRDA:41,3,0,0
BRDA:41,3,1,0
BRDA:48,4,0,0
BRDA:48,4,1,0
BRDA:51,5,0,0
BRDA:51,5,1,0
BRDA:53,6,0,0
BRDA:53,6,1,0
BRDA:64,7,0,0
BRDA:64,7,1,0
BRDA:64,8,0,0
BRDA:64,8,1,0
BRDA:67,9,0,0
BRDA:67,9,1,0
BRDA:73,10,0,0
BRDA:73,10,1,0
BRDA:76,11,0,0
BRDA:76,11,1,0
BRDA:147,12,0,0
BRDA:147,12,1,0
BRDA:157,13,0,0
BRDA:157,13,1,0
BRDA:157,14,0,0
BRDA:157,14,1,0
BRDA:230,15,0,0
BRDA:230,15,1,0
BRF:32
BRH:0
end_of_record
TN:
SF:utils\psaFileParser.js
FN:9,(anonymous_0)
FN:25,(anonymous_1)
FN:37,(anonymous_2)
FN:48,(anonymous_3)
FN:126,(anonymous_4)
FN:135,(anonymous_5)
FN:418,(anonymous_6)
FN:423,(anonymous_7)
FN:428,(anonymous_8)
FN:454,(anonymous_9)
FN:487,(anonymous_10)
FN:500,(anonymous_11)
FN:513,(anonymous_12)
FN:532,(anonymous_13)
FN:536,(anonymous_14)
FN:536,(anonymous_15)
FN:555,(anonymous_16)
FN:594,(anonymous_17)
FN:639,(anonymous_18)
FN:651,(anonymous_19)
FN:660,(anonymous_20)
FN:718,(anonymous_21)
FN:747,(anonymous_22)
FN:787,(anonymous_23)
FN:820,(anonymous_24)
FN:880,(anonymous_25)
FN:903,(anonymous_26)
FN:912,(anonymous_27)
FN:928,(anonymous_28)
FN:1024,(anonymous_29)
FN:1033,(anonymous_30)
FN:1062,(anonymous_31)
FNF:32
FNH:0
FNDA:0,(anonymous_0)
FNDA:0,(anonymous_1)
FNDA:0,(anonymous_2)
FNDA:0,(anonymous_3)
FNDA:0,(anonymous_4)
FNDA:0,(anonymous_5)
FNDA:0,(anonymous_6)
FNDA:0,(anonymous_7)
FNDA:0,(anonymous_8)
FNDA:0,(anonymous_9)
FNDA:0,(anonymous_10)
FNDA:0,(anonymous_11)
FNDA:0,(anonymous_12)
FNDA:0,(anonymous_13)
FNDA:0,(anonymous_14)
FNDA:0,(anonymous_15)
FNDA:0,(anonymous_16)
FNDA:0,(anonymous_17)
FNDA:0,(anonymous_18)
FNDA:0,(anonymous_19)
FNDA:0,(anonymous_20)
FNDA:0,(anonymous_21)
FNDA:0,(anonymous_22)
FNDA:0,(anonymous_23)
FNDA:0,(anonymous_24)
FNDA:0,(anonymous_25)
FNDA:0,(anonymous_26)
FNDA:0,(anonymous_27)
FNDA:0,(anonymous_28)
FNDA:0,(anonymous_29)
FNDA:0,(anonymous_30)
FNDA:0,(anonymous_31)
DA:9,0
DA:10,0
DA:12,0
DA:13,0
DA:14,0
DA:15,0
DA:17,0
DA:18,0
DA:25,0
DA:26,0
DA:27,0
DA:28,0
DA:29,0
DA:30,0
DA:31,0
DA:37,0
DA:39,0
DA:40,0
DA:42,0
DA:48,0
DA:49,0
DA:52,0
DA:53,0
DA:54,0
DA:56,0
DA:58,0
DA:59,0
DA:60,0
DA:69,0
DA:71,0
DA:72,0
DA:73,0
DA:74,0
DA:76,0
DA:77,0
DA:78,0
DA:82,0
DA:83,0
DA:84,0
DA:88,0
DA:89,0
DA:93,0
DA:94,0
DA:99,0
DA:100,0
DA:101,0
DA:106,0
DA:107,0
DA:108,0
DA:109,0
DA:110,0
DA:111,0
DA:114,0
DA:118,0
DA:126,0
DA:127,0
DA:128,0
DA:129,0
DA:130,0
DA:131,0
DA:132,0
DA:135,0
DA:136,0
DA:139,0
DA:142,0
DA:143,0
DA:144,0
DA:146,0
DA:147,0
DA:150,0
DA:151,0
DA:152,0
DA:153,0
DA:154,0
DA:156,0
DA:157,0
DA:159,0
DA:161,0
DA:162,0
DA:163,0
DA:164,0
DA:166,0
DA:167,0
DA:168,0
DA:169,0
DA:172,0
DA:173,0
DA:174,0
DA:178,0
DA:179,0
DA:182,0
DA:183,0
DA:184,0
DA:185,0
DA:186,0
DA:187,0
DA:188,0
DA:190,0
DA:192,0
DA:193,0
DA:195,0
DA:196,0
DA:198,0
DA:199,0
DA:200,0
DA:201,0
DA:202,0
DA:203,0
DA:207,0
DA:212,0
DA:214,0
DA:217,0
DA:218,0
DA:219,0
DA:220,0
DA:221,0
DA:224,0
DA:225,0
DA:226,0
DA:227,0
DA:230,0
DA:232,0
DA:233,0
DA:236,0
DA:237,0
DA:239,0
DA:240,0
DA:243,0
DA:244,0
DA:245,0
DA:249,0
DA:250,0
DA:253,0
DA:254,0
DA:256,0
DA:257,0
DA:258,0
DA:264,0
DA:272,0
DA:274,0
DA:275,0
DA:279,0
DA:281,0
DA:282,0
DA:286,0
DA:287,0
DA:288,0
DA:289,0
DA:291,0
DA:292,0
DA:293,0
DA:296,0
DA:297,0
DA:298,0
DA:302,0
DA:305,0
DA:306,0
DA:309,0
DA:311,0
DA:312,0
DA:315,0
DA:316,0
DA:320,0
DA:321,0
DA:326,0
DA:327,0
DA:328,0
DA:329,0
DA:333,0
DA:334,0
DA:335,0
DA:340,0
DA:341,0
DA:345,0
DA:347,0
DA:348,0
DA:352,0
DA:353,0
DA:357,0
DA:360,0
DA:363,0
DA:364,0
DA:365,0
DA:368,0
DA:369,0
DA:371,0
DA:374,0
DA:375,0
DA:376,0
DA:377,0
DA:380,0
DA:381,0
DA:384,0
DA:385,0
DA:386,0
DA:392,0
DA:396,0
DA:397,0
DA:398,0
DA:399,0
DA:400,0
DA:401,0
DA:403,0
DA:406,0
DA:407,0
DA:408,0
DA:411,0
DA:412,0
DA:417,0
DA:418,0
DA:419,0
DA:423,0
DA:424,0
DA:425,0
DA:426,0
DA:428,0
DA:429,0
DA:430,0
DA:433,0
DA:434,0
DA:435,0
DA:439,0
DA:440,0
DA:441,0
DA:442,0
DA:443,0
DA:450,0
DA:451,0
DA:454,0
DA:455,0
DA:456,0
DA:465,0
DA:466,0
DA:467,0
DA:468,0
DA:469,0
DA:470,0
DA:472,0
DA:473,0
DA:474,0
DA:477,0
DA:479,0
DA:480,0
DA:487,0
DA:488,0
DA:489,0
DA:490,0
DA:492,0
DA:493,0
DA:500,0
DA:501,0
DA:502,0
DA:503,0
DA:505,0
DA:506,0
DA:513,0
DA:514,0
DA:516,0
DA:517,0
DA:518,0
DA:519,0
DA:520,0
DA:522,0
DA:524,0
DA:525,0
DA:532,0
DA:533,0
DA:536,0
DA:539,0
DA:542,0
DA:544,0
DA:545,0
DA:548,0
DA:552,0
DA:555,0
DA:557,0
DA:558,0
DA:561,0
DA:562,0
DA:566,0
DA:567,0
DA:571,0
DA:572,0
DA:573,0
DA:576,0
DA:577,0
DA:578,0
DA:582,0
DA:583,0
DA:585,0
DA:586,0
DA:590,0
DA:594,0
DA:596,0
DA:600,0
DA:601,0
DA:603,0
DA:604,0
DA:605,0
DA:606,0
DA:609,0
DA:610,0
DA:615,0
DA:618,0
DA:621,0
DA:623,0
DA:628,0
DA:629,0
DA:639,0
DA:640,0
DA:641,0
DA:646,0
DA:649,0
DA:651,0
DA:652,0
DA:653,0
DA:656,0
DA:657,0
DA:658,0
DA:660,0
DA:662,0
DA:665,0
DA:668,0
DA:669,0
DA:670,0
DA:671,0
DA:672,0
DA:674,0
DA:675,0
DA:676,0
DA:680,0
DA:681,0
DA:682,0
DA:684,0
DA:687,0
DA:689,0
DA:693,0
DA:695,0
DA:709,0
DA:715,0
DA:716,0
DA:718,0
DA:719,0
DA:720,0
DA:721,0
DA:722,0
DA:723,0
DA:725,0
DA:726,0
DA:727,0
DA:728,0
DA:729,0
DA:731,0
DA:743,0
DA:744,0
DA:745,0
DA:747,0
DA:748,0
DA:749,0
DA:750,0
DA:751,0
DA:752,0
DA:755,0
DA:756,0
DA:759,0
DA:760,0
DA:761,0
DA:762,0
DA:763,0
DA:765,0
DA:779,0
DA:784,0
DA:785,0
DA:787,0
DA:788,0
DA:789,0
DA:790,0
DA:791,0
DA:794,0
DA:795,0
DA:800,0
DA:801,0
DA:802,0
DA:804,0
DA:806,0
DA:819,0
DA:820,0
DA:822,0
DA:824,0
DA:825,0
DA:826,0
DA:827,0
DA:828,0
DA:830,0
DA:832,0
DA:835,0
DA:836,0
DA:838,0
DA:839,0
DA:840,0
DA:842,0
DA:843,0
DA:844,0
DA:846,0
DA:861,0
DA:862,0
DA:863,0
DA:864,0
DA:867,0
DA:868,0
DA:869,0
DA:871,0
DA:872,0
DA:873,0
DA:874,0
DA:879,0
DA:880,0
DA:881,0
DA:882,0
DA:883,0
DA:884,0
DA:886,0
DA:887,0
DA:901,0
DA:902,0
DA:903,0
DA:904,0
DA:905,0
DA:906,0
DA:907,0
DA:912,0
DA:913,0
DA:914,0
DA:915,0
DA:918,0
DA:928,0
DA:929,0
DA:932,0
DA:935,0
DA:937,0
DA:941,0
DA:942,0
DA:944,0
DA:945,0
DA:946,0
DA:947,0
DA:950,0
DA:951,0
DA:952,0
DA:955,0
DA:956,0
DA:957,0
DA:958,0
DA:959,0
DA:965,0
DA:973,0
DA:974,0
DA:975,0
DA:978,0
DA:980,0
DA:981,0
DA:982,0
DA:985,0
DA:986,0
DA:987,0
DA:990,0
DA:991,0
DA:996,0
DA:997,0
DA:998,0
DA:1000,0
DA:1007,0
DA:1008,0
DA:1009,0
DA:1010,0
DA:1011,0
DA:1013,0
DA:1014,0
DA:1018,0
DA:1024,0
DA:1025,0
DA:1026,0
DA:1027,0
DA:1033,0
DA:1034,0
DA:1035,0
DA:1036,0
DA:1039,0
DA:1041,0
DA:1042,0
DA:1043,0
DA:1045,0
DA:1046,0
DA:1048,0
DA:1049,0
DA:1050,0
DA:1053,0
DA:1054,0
DA:1055,0
DA:1056,0
DA:1059,0
DA:1060,0
DA:1062,0
DA:1063,0
DA:1069,0
DA:1070,0
DA:1073,0
DA:1074,0
DA:1077,0
DA:1078,0
DA:1080,0
DA:1087,0
DA:1089,0
DA:1090,0
DA:1091,0
DA:1092,0
DA:1094,0
DA:1098,0
DA:1099,0
DA:1100,0
DA:1103,0
DA:1110,0
DA:1111,0
DA:1112,0
LF:524
LH:0
BRDA:39,0,0,0
BRDA:39,0,1,0
BRDA:40,1,0,0
BRDA:40,1,1,0
BRDA:49,2,0,0
BRDA:49,2,1,0
BRDA:56,3,0,0
BRDA:56,3,1,0
BRDA:69,4,0,0
BRDA:69,4,1,0
BRDA:74,5,0,0
BRDA:74,5,1,0
BRDA:88,6,0,0
BRDA:88,6,1,0
BRDA:89,7,0,0
BRDA:89,7,1,0
BRDA:93,8,0,0
BRDA:93,8,1,0
BRDA:93,9,0,0
BRDA:93,9,1,0
BRDA:93,9,2,0
BRDA:93,9,3,0
BRDA:93,9,4,0
BRDA:93,9,5,0
BRDA:99,10,0,0
BRDA:99,10,1,0
BRDA:100,11,0,0
BRDA:100,11,1,0
BRDA:107,12,0,0
BRDA:107,12,1,0
BRDA:139,13,0,0
BRDA:139,13,1,0
BRDA:154,14,0,0
BRDA:154,14,1,0
BRDA:156,15,0,0
BRDA:156,15,1,0
BRDA:156,15,2,0
BRDA:161,16,0,0
BRDA:161,16,1,0
BRDA:161,17,0,0
BRDA:161,17,1,0
BRDA:166,18,0,0
BRDA:166,18,1,0
BRDA:166,19,0,0
BRDA:166,19,1,0
BRDA:166,19,2,0
BRDA:168,20,0,0
BRDA:168,20,1,0
BRDA:172,21,0,0
BRDA:172,21,1,0
BRDA:172,22,0,0
BRDA:172,22,1,0
BRDA:182,23,0,0
BRDA:182,23,1,0
BRDA:182,24,0,0
BRDA:182,24,1,0
BRDA:190,25,0,0
BRDA:190,25,1,0
BRDA:190,26,0,0
BRDA:190,26,1,0
BRDA:192,27,0,0
BRDA:192,27,1,0
BRDA:192,27,2,0
BRDA:193,28,0,0
BRDA:193,28,1,0
BRDA:193,28,2,0
BRDA:198,29,0,0
BRDA:198,29,1,0
BRDA:198,30,0,0
BRDA:198,30,1,0
BRDA:200,31,0,0
BRDA:200,31,1,0
BRDA:200,32,0,0
BRDA:200,32,1,0
BRDA:200,32,2,0
BRDA:201,33,0,0
BRDA:201,33,1,0
BRDA:202,34,0,0
BRDA:202,34,1,0
BRDA:207,35,0,0
BRDA:207,35,1,0
BRDA:207,36,0,0
BRDA:207,36,1,0
BRDA:217,37,0,0
BRDA:217,37,1,0
BRDA:217,38,0,0
BRDA:217,38,1,0
BRDA:224,39,0,0
BRDA:224,39,1,0
BRDA:243,40,0,0
BRDA:243,40,1,0
BRDA:243,41,0,0
BRDA:243,41,1,0
BRDA:253,42,0,0
BRDA:253,42,1,0
BRDA:254,43,0,0
BRDA:254,43,1,0
BRDA:272,44,0,0
BRDA:272,44,1,0
BRDA:272,45,0,0
BRDA:272,45,1,0
BRDA:272,45,2,0
BRDA:272,45,3,0
BRDA:272,45,4,0
BRDA:272,45,5,0
BRDA:279,46,0,0
BRDA:279,46,1,0
BRDA:279,47,0,0
BRDA:279,47,1,0
BRDA:279,47,2,0
BRDA:279,47,3,0
BRDA:279,47,4,0
BRDA:279,47,5,0
BRDA:287,48,0,0
BRDA:287,48,1,0
BRDA:287,49,0,0
BRDA:287,49,1,0
BRDA:287,49,2,0
BRDA:291,50,0,0
BRDA:291,50,1,0
BRDA:291,51,0,0
BRDA:291,51,1,0
BRDA:291,51,2,0
BRDA:291,51,3,0
BRDA:296,52,0,0
BRDA:296,52,1,0
BRDA:305,53,0,0
BRDA:305,53,1,0
BRDA:305,54,0,0
BRDA:305,54,1,0
BRDA:305,54,2,0
BRDA:306,55,0,0
BRDA:306,55,1,0
BRDA:309,56,0,0
BRDA:309,56,1,0
BRDA:326,57,0,0
BRDA:326,57,1,0
BRDA:326,58,0,0
BRDA:326,58,1,0
BRDA:327,59,0,0
BRDA:327,59,1,0
BRDA:327,60,0,0
BRDA:327,60,1,0
BRDA:327,60,2,0
BRDA:333,61,0,0
BRDA:333,61,1,0
BRDA:333,62,0,0
BRDA:333,62,1,0
BRDA:345,63,0,0
BRDA:345,63,1,0
BRDA:345,64,0,0
BRDA:345,64,1,0
BRDA:352,65,0,0
BRDA:352,65,1,0
BRDA:363,66,0,0
BRDA:363,66,1,0
BRDA:363,67,0,0
BRDA:363,67,1,0
BRDA:363,67,2,0
BRDA:368,68,0,0
BRDA:368,68,1,0
BRDA:375,69,0,0
BRDA:375,69,1,0
BRDA:384,70,0,0
BRDA:384,70,1,0
BRDA:384,71,0,0
BRDA:384,71,1,0
BRDA:384,71,2,0
BRDA:400,72,0,0
BRDA:400,72,1,0
BRDA:406,73,0,0
BRDA:406,73,1,0
BRDA:417,74,0,0
BRDA:417,74,1,0
BRDA:424,75,0,0
BRDA:424,75,1,0
BRDA:424,76,0,0
BRDA:424,76,1,0
BRDA:429,77,0,0
BRDA:429,77,1,0
BRDA:429,78,0,0
BRDA:429,78,1,0
BRDA:429,78,2,0
BRDA:434,79,0,0
BRDA:434,79,1,0
BRDA:434,80,0,0
BRDA:434,80,1,0
BRDA:440,81,0,0
BRDA:440,81,1,0
BRDA:442,82,0,0
BRDA:442,82,1,0
BRDA:442,83,0,0
BRDA:442,83,1,0
BRDA:442,83,2,0
BRDA:442,83,3,0
BRDA:450,84,0,0
BRDA:450,84,1,0
BRDA:450,85,0,0
BRDA:450,85,1,0
BRDA:454,86,0,0
BRDA:454,86,1,0
BRDA:454,86,2,0
BRDA:455,87,0,0
BRDA:455,87,1,0
BRDA:465,88,0,0
BRDA:465,88,1,0
BRDA:557,89,0,0
BRDA:557,89,1,0
BRDA:558,90,0,0
BRDA:558,90,1,0
BRDA:561,91,0,0
BRDA:561,91,1,0
BRDA:561,92,0,0
BRDA:561,92,1,0
BRDA:561,92,2,0
BRDA:561,92,3,0
BRDA:566,93,0,0
BRDA:566,93,1,0
BRDA:566,94,0,0
BRDA:566,94,1,0
BRDA:566,94,2,0
BRDA:577,95,0,0
BRDA:577,95,1,0
BRDA:583,96,0,0
BRDA:583,96,1,0
BRDA:583,97,0,0
BRDA:583,97,1,0
BRDA:583,97,2,0
BRDA:585,98,0,0
BRDA:585,98,1,0
BRDA:585,99,0,0
BRDA:585,99,1,0
BRDA:609,100,0,0
BRDA:609,100,1,0
BRDA:615,101,0,0
BRDA:615,101,1,0
BRDA:615,102,0,0
BRDA:615,102,1,0
BRDA:615,102,2,0
BRDA:618,103,0,0
BRDA:618,103,1,0
BRDA:621,104,0,0
BRDA:621,104,1,0
BRDA:628,105,0,0
BRDA:628,105,1,0
BRDA:640,106,0,0
BRDA:640,106,1,0
BRDA:646,107,0,0
BRDA:646,107,1,0
BRDA:646,108,0,0
BRDA:646,108,1,0
BRDA:662,109,0,0
BRDA:662,109,1,0
BRDA:668,110,0,0
BRDA:668,110,1,0
BRDA:668,111,0,0
BRDA:668,111,1,0
BRDA:672,112,0,0
BRDA:672,112,1,0
BRDA:672,113,0,0
BRDA:672,113,1,0
BRDA:680,114,0,0
BRDA:680,114,1,0
BRDA:680,115,0,0
BRDA:680,115,1,0
BRDA:682,116,0,0
BRDA:682,116,1,0
BRDA:687,117,0,0
BRDA:687,117,1,0
BRDA:687,118,0,0
BRDA:687,118,1,0
BRDA:725,119,0,0
BRDA:725,119,1,0
BRDA:725,120,0,0
BRDA:725,120,1,0
BRDA:725,120,2,0
BRDA:727,121,0,0
BRDA:727,121,1,0
BRDA:727,122,0,0
BRDA:727,122,1,0
BRDA:727,122,2,0
BRDA:743,123,0,0
BRDA:743,123,1,0
BRDA:755,124,0,0
BRDA:755,124,1,0
BRDA:755,125,0,0
BRDA:755,125,1,0
BRDA:755,125,2,0
BRDA:759,126,0,0
BRDA:759,126,1,0
BRDA:759,127,0,0
BRDA:759,127,1,0
BRDA:759,127,2,0
BRDA:761,128,0,0
BRDA:761,128,1,0
BRDA:761,129,0,0
BRDA:761,129,1,0
BRDA:761,129,2,0
BRDA:779,130,0,0
BRDA:779,130,1,0
BRDA:794,131,0,0
BRDA:794,131,1,0
BRDA:800,132,0,0
BRDA:800,132,1,0
BRDA:800,133,0,0
BRDA:800,133,1,0
BRDA:800,133,2,0
BRDA:802,134,0,0
BRDA:802,134,1,0
BRDA:819,135,0,0
BRDA:819,135,1,0
BRDA:824,136,0,0
BRDA:824,136,1,0
BRDA:830,137,0,0
BRDA:830,137,1,0
BRDA:830,138,0,0
BRDA:830,138,1,0
BRDA:830,138,2,0
BRDA:832,139,0,0
BRDA:832,139,1,0
BRDA:838,140,0,0
BRDA:838,140,1,0
BRDA:842,141,0,0
BRDA:842,141,1,0
BRDA:842,142,0,0
BRDA:842,142,1,0
BRDA:842,142,2,0
BRDA:861,143,0,0
BRDA:861,143,1,0
BRDA:861,144,0,0
BRDA:861,144,1,0
BRDA:873,145,0,0
BRDA:873,145,1,0
BRDA:873,146,0,0
BRDA:873,146,1,0
BRDA:873,146,2,0
BRDA:879,147,0,0
BRDA:879,147,1,0
BRDA:879,148,0,0
BRDA:879,148,1,0
BRDA:881,149,0,0
BRDA:881,149,1,0
BRDA:886,150,0,0
BRDA:886,150,1,0
BRDA:905,151,0,0
BRDA:905,151,1,0
BRDA:929,152,0,0
BRDA:929,152,1,0
BRDA:944,153,0,0
BRDA:944,153,1,0
BRDA:951,154,0,0
BRDA:951,154,1,0
BRDA:955,155,0,0
BRDA:955,155,1,0
BRDA:955,156,0,0
BRDA:955,156,1,0
BRDA:955,156,2,0
BRDA:955,156,3,0
BRDA:955,156,4,0
BRDA:958,157,0,0
BRDA:958,157,1,0
BRDA:958,158,0,0
BRDA:958,158,1,0
BRDA:958,158,2,0
BRDA:975,159,0,0
BRDA:975,159,1,0
BRDA:978,160,0,0
BRDA:978,160,1,0
BRDA:990,161,0,0
BRDA:990,161,1,0
BRDA:991,162,0,0
BRDA:991,162,1,0
BRDA:996,163,0,0
BRDA:996,163,1,0
BRDA:996,164,0,0
BRDA:996,164,1,0
BRDA:996,164,2,0
BRDA:996,164,3,0
BRDA:996,164,4,0
BRDA:996,164,5,0
BRDA:998,165,0,0
BRDA:998,165,1,0
BRDA:998,166,0,0
BRDA:998,166,1,0
BRDA:998,166,2,0
BRDA:1008,167,0,0
BRDA:1008,167,1,0
BRDA:1013,168,0,0
BRDA:1013,168,1,0
BRDA:1013,169,0,0
BRDA:1013,169,1,0
BRDA:1025,170,0,0
BRDA:1025,170,1,0
BRDA:1026,171,0,0
BRDA:1026,171,1,0
BRDA:1041,172,0,0
BRDA:1041,172,1,0
BRDA:1043,173,0,0
BRDA:1043,173,1,0
BRDA:1050,174,0,0
BRDA:1050,174,1,0
BRDA:1053,175,0,0
BRDA:1053,175,1,0
BRDA:1053,176,0,0
BRDA:1053,176,1,0
BRDA:1089,177,0,0
BRDA:1089,177,1,0
BRDA:1091,178,0,0
BRDA:1091,178,1,0
BRDA:1098,179,0,0
BRDA:1098,179,1,0
BRF:411
BRH:0
end_of_record
TN:
SF:utils\psaStatusByAge.js
FN:9,(anonymous_0)
FN:81,(anonymous_1)
FNF:2
FNH:0
FNDA:0,(anonymous_0)
FNDA:0,(anonymous_1)
DA:9,0
DA:10,0
DA:11,0
DA:14,0
DA:15,0
DA:18,0
DA:19,0
DA:20,0
DA:21,0
DA:25,0
DA:27,0
DA:28,0
DA:29,0
DA:30,0
DA:33,0
DA:35,0
DA:36,0
DA:37,0
DA:40,0
DA:42,0
DA:43,0
DA:44,0
DA:47,0
DA:49,0
DA:50,0
DA:51,0
DA:52,0
DA:55,0
DA:57,0
DA:58,0
DA:59,0
DA:62,0
DA:64,0
DA:65,0
DA:66,0
DA:67,0
DA:71,0
DA:72,0
DA:73,0
DA:81,0
DA:82,0
DA:84,0
DA:85,0
DA:86,0
DA:87,0
DA:88,0
DA:89,0
DA:90,0
DA:92,0
LF:49
LH:0
BRDA:10,0,0,0
BRDA:10,0,1,0
BRDA:10,1,0,0
BRDA:10,1,1,0
BRDA:15,2,0,0
BRDA:15,2,1,0
BRDA:18,3,0,0
BRDA:18,3,1,0
BRDA:18,4,0,0
BRDA:18,4,1,0
BRDA:19,5,0,0
BRDA:19,5,1,0
BRDA:20,6,0,0
BRDA:20,6,1,0
BRDA:25,7,0,0
BRDA:25,7,1,0
BRDA:25,8,0,0
BRDA:25,8,1,0
BRDA:27,9,0,0
BRDA:27,9,1,0
BRDA:28,10,0,0
BRDA:28,10,1,0
BRDA:29,11,0,0
BRDA:29,11,1,0
BRDA:33,12,0,0
BRDA:33,12,1,0
BRDA:33,13,0,0
BRDA:33,13,1,0
BRDA:35,14,0,0
BRDA:35,14,1,0
BRDA:36,15,0,0
BRDA:36,15,1,0
BRDA:40,16,0,0
BRDA:40,16,1,0
BRDA:40,17,0,0
BRDA:40,17,1,0
BRDA:42,18,0,0
BRDA:42,18,1,0
BRDA:43,19,0,0
BRDA:43,19,1,0
BRDA:47,20,0,0
BRDA:47,20,1,0
BRDA:47,21,0,0
BRDA:47,21,1,0
BRDA:49,22,0,0
BRDA:49,22,1,0
BRDA:50,23,0,0
BRDA:50,23,1,0
BRDA:51,24,0,0
BRDA:51,24,1,0
BRDA:55,25,0,0
BRDA:55,25,1,0
BRDA:55,26,0,0
BRDA:55,26,1,0
BRDA:57,27,0,0
BRDA:57,27,1,0
BRDA:58,28,0,0
BRDA:58,28,1,0
BRDA:62,29,0,0
BRDA:62,29,1,0
BRDA:62,30,0,0
BRDA:62,30,1,0
BRDA:64,31,0,0
BRDA:64,31,1,0
BRDA:65,32,0,0
BRDA:65,32,1,0
BRDA:66,33,0,0
BRDA:66,33,1,0
BRDA:71,34,0,0
BRDA:71,34,1,0
BRDA:72,35,0,0
BRDA:72,35,1,0
BRDA:82,36,0,0
BRDA:82,36,1,0
BRDA:84,37,0,0
BRDA:84,37,1,0
BRDA:84,38,0,0
BRDA:84,38,1,0
BRDA:85,39,0,0
BRDA:85,39,1,0
BRDA:85,40,0,0
BRDA:85,40,1,0
BRDA:86,41,0,0
BRDA:86,41,1,0
BRDA:86,42,0,0
BRDA:86,42,1,0
BRDA:87,43,0,0
BRDA:87,43,1,0
BRDA:87,44,0,0
BRDA:87,44,1,0
BRDA:88,45,0,0
BRDA:88,45,1,0
BRDA:88,46,0,0
BRDA:88,46,1,0
BRDA:89,47,0,0
BRDA:89,47,1,0
BRDA:89,48,0,0
BRDA:89,48,1,0
BRDA:90,49,0,0
BRDA:90,49,1,0
BRDA:90,50,0,0
BRDA:90,50,1,0
BRF:102
BRH:0
end_of_record
TN:
SF:utils\roleHelpers.js
FN:12,(anonymous_0)
FN:22,(anonymous_1)
FN:41,(anonymous_2)
FN:53,(anonymous_3)
FNF:4
FNH:0
FNDA:0,(anonymous_0)
FNDA:0,(anonymous_1)
FNDA:0,(anonymous_2)
FNDA:0,(anonymous_3)
DA:12,0
DA:13,0
DA:22,0
DA:25,0
DA:26,0
DA:27,0
DA:29,0
DA:30,0
DA:33,0
DA:41,0
DA:42,0
DA:43,0
DA:45,0
DA:53,0
DA:54,0
DA:63,0
LF:16
LH:0
BRDA:13,0,0,0
BRDA:13,0,1,0
BRDA:26,1,0,0
BRDA:26,1,1,0
BRDA:26,2,0,0
BRDA:26,2,1,0
BRDA:29,3,0,0
BRDA:29,3,1,0
BRDA:29,4,0,0
BRDA:29,4,1,0
BRDA:42,5,0,0
BRDA:42,5,1,0
BRDA:63,6,0,0
BRDA:63,6,1,0
BRF:14
BRH:0
end_of_record
TN:
SF:utils\ssrfProtection.js
FN:54,(anonymous_0)
FN:132,(anonymous_1)
FN:191,(anonymous_2)
FN:224,(anonymous_3)
FN:243,(anonymous_4)
FN:266,(anonymous_5)
FN:267,(anonymous_6)
FNF:7
FNH:7
FNDA:7,(anonymous_0)
FNDA:8,(anonymous_1)
FNDA:2,(anonymous_2)
FNDA:7,(anonymous_3)
FNDA:4,(anonymous_4)
FNDA:3,(anonymous_5)
FNDA:3,(anonymous_6)
DA:15,1
DA:16,1
DA:22,1
DA:40,1
DA:54,1
DA:55,7
DA:56,7
DA:57,1
DA:65,6
DA:66,6
DA:67,6
DA:70,0
DA:74,6
DA:75,1
DA:83,5
DA:86,5
DA:87,5
DA:91,5
DA:94,5
DA:95,2
DA:104,3
DA:105,0
DA:112,3
DA:118,0
DA:132,1
DA:133,8
DA:134,8
DA:135,1
DA:144,7
DA:145,7
DA:147,1
DA:155,6
DA:156,1
DA:163,5
DA:166,5
DA:167,1
DA:176,4
DA:178,1
DA:179,3
DA:180,1
DA:190,3
DA:191,2
DA:192,2
DA:193,2
DA:196,2
DA:197,1
DA:205,2
DA:211,0
DA:224,1
DA:225,7
DA:226,1
DA:229,6
DA:230,30
DA:231,4
DA:235,2
DA:243,1
DA:244,4
DA:245,1
DA:249,3
DA:252,3
DA:255,3
DA:257,3
DA:266,1
DA:267,3
DA:268,3
DA:270,3
DA:271,1
DA:280,2
DA:282,1
DA:284,1
DA:285,1
DA:290,2
DA:292,2
DA:294,2
DA:295,1
DA:296,1
DA:304,1
DA:305,1
LF:78
LH:74
BRDA:56,0,0,1
BRDA:56,0,1,6
BRDA:56,1,0,7
BRDA:56,1,1,6
BRDA:74,2,0,1
BRDA:74,2,1,5
BRDA:94,3,0,2
BRDA:94,3,1,3
BRDA:94,4,0,5
BRDA:94,4,1,3
BRDA:104,5,0,0
BRDA:104,5,1,3
BRDA:104,6,0,3
BRDA:104,6,1,0
BRDA:132,7,0,6
BRDA:134,8,0,1
BRDA:134,8,1,7
BRDA:134,9,0,8
BRDA:134,9,1,7
BRDA:155,10,0,1
BRDA:155,10,1,5
BRDA:166,11,0,1
BRDA:166,11,1,4
BRDA:176,12,0,1
BRDA:176,12,1,3
BRDA:179,13,0,1
BRDA:179,13,1,2
BRDA:190,14,0,2
BRDA:190,14,1,1
BRDA:193,15,0,2
BRDA:193,15,1,1
BRDA:196,16,0,1
BRDA:196,16,1,1
BRDA:225,17,0,1
BRDA:225,17,1,6
BRDA:225,18,0,7
BRDA:225,18,1,6
BRDA:230,19,0,4
BRDA:230,19,1,26
BRDA:244,20,0,1
BRDA:244,20,1,3
BRDA:244,21,0,4
BRDA:244,21,1,3
BRDA:266,22,0,0
BRDA:266,23,0,3
BRDA:268,24,0,3
BRDA:268,24,1,1
BRDA:268,24,2,1
BRDA:270,25,0,1
BRDA:270,25,1,2
BRDA:280,26,0,1
BRDA:280,26,1,1
BRDA:280,27,0,2
BRDA:280,27,1,1
BRDA:284,28,0,1
BRDA:284,28,1,0
BRDA:290,29,0,2
BRDA:290,29,1,2
BRDA:294,30,0,1
BRDA:294,30,1,1
BRF:60
BRH:56
end_of_record
TN:
SF:utils\validation.js
FN:162,(anonymous_0)
FN:287,(anonymous_1)
FN:325,(anonymous_2)
FN:381,(anonymous_3)
FN:506,(anonymous_4)
FN:553,(anonymous_5)
FN:554,(anonymous_6)
FN:558,(anonymous_7)
FNF:8
FNH:0
FNDA:0,(anonymous_0)
FNDA:0,(anonymous_1)
FNDA:0,(anonymous_2)
FNDA:0,(anonymous_3)
FNDA:0,(anonymous_4)
FNDA:0,(anonymous_5)
FNDA:0,(anonymous_6)
FNDA:0,(anonymous_7)
DA:4,0
DA:69,0
DA:85,0
DA:94,0
DA:120,0
DA:164,0
DA:165,0
DA:166,0
DA:168,0
DA:169,0
DA:171,0
DA:288,0
DA:290,0
DA:291,0
DA:292,0
DA:294,0
DA:295,0
DA:297,0
DA:327,0
DA:328,0
DA:330,0
DA:331,0
DA:336,0
DA:340,0
DA:382,0
DA:384,0
DA:385,0
DA:386,0
DA:388,0
DA:389,0
DA:391,0
DA:507,0
DA:509,0
DA:510,0
DA:511,0
DA:513,0
DA:514,0
DA:516,0
DA:553,0
DA:554,0
DA:555,0
DA:557,0
DA:558,0
DA:563,0
DA:570,0
DA:571,0
LF:46
LH:0
BRDA:165,0,0,0
BRDA:165,0,1,0
BRDA:168,1,0,0
BRDA:168,1,1,0
BRDA:288,2,0,0
BRDA:288,2,1,0
BRDA:288,3,0,0
BRDA:288,3,1,0
BRDA:291,4,0,0
BRDA:291,4,1,0
BRDA:294,5,0,0
BRDA:294,5,1,0
BRDA:327,6,0,0
BRDA:327,6,1,0
BRDA:328,7,0,0
BRDA:328,7,1,0
BRDA:328,7,2,0
BRDA:330,8,0,0
BRDA:330,8,1,0
BRDA:330,9,0,0
BRDA:330,9,1,0
BRDA:382,10,0,0
BRDA:382,10,1,0
BRDA:382,11,0,0
BRDA:382,11,1,0
BRDA:385,12,0,0
BRDA:385,12,1,0
BRDA:388,13,0,0
BRDA:388,13,1,0
BRDA:507,14,0,0
BRDA:507,14,1,0
BRDA:507,15,0,0
BRDA:507,15,1,0
BRDA:510,16,0,0
BRDA:510,16,1,0
BRDA:513,17,0,0
BRDA:513,17,1,0
BRDA:557,18,0,0
BRDA:557,18,1,0
BRF:39
BRH:0
end_of_record
